[2021-05-23 06:59:04] production.ERROR: php_network_getaddresses: getaddrinfo failed: Try again [tcp://cache:6379] {"exception":"[object] (Predis\\Connection\\ConnectionException(code: 0): php_network_getaddresses: getaddrinfo failed: Try again [tcp://cache:6379] at /var/www/html/vendor/predis/predis/src/Connection/AbstractConnection.php:155)
[stacktrace]
#0 /var/www/html/vendor/predis/predis/src/Connection/StreamConnection.php(128): Predis\\Connection\\AbstractConnection->onConnectionError()
#1 /var/www/html/vendor/predis/predis/src/Connection/StreamConnection.php(178): Predis\\Connection\\StreamConnection->createStreamSocket()
#2 /var/www/html/vendor/predis/predis/src/Connection/StreamConnection.php(100): Predis\\Connection\\StreamConnection->tcpStreamInitializer()
#3 /var/www/html/vendor/predis/predis/src/Connection/AbstractConnection.php(81): Predis\\Connection\\StreamConnection->createResource()
#4 /var/www/html/vendor/predis/predis/src/Connection/StreamConnection.php(258): Predis\\Connection\\AbstractConnection->connect()
#5 /var/www/html/vendor/predis/predis/src/Connection/AbstractConnection.php(180): Predis\\Connection\\StreamConnection->connect()
#6 /var/www/html/vendor/predis/predis/src/Connection/StreamConnection.php(288): Predis\\Connection\\AbstractConnection->getResource()
#7 /var/www/html/vendor/predis/predis/src/Connection/StreamConnection.php(394): Predis\\Connection\\StreamConnection->write()
#8 /var/www/html/vendor/predis/predis/src/Connection/AbstractConnection.php(110): Predis\\Connection\\StreamConnection->writeRequest()
#9 /var/www/html/vendor/predis/predis/src/Client.php(331): Predis\\Connection\\AbstractConnection->executeCommand()
#10 /var/www/html/vendor/predis/predis/src/Client.php(314): Predis\\Client->executeCommand()
#11 /var/www/html/vendor/laravel/framework/src/Illuminate/Redis/Connections/Connection.php(116): Predis\\Client->__call()
#12 /var/www/html/vendor/laravel/framework/src/Illuminate/Redis/Connections/Connection.php(220): Illuminate\\Redis\\Connections\\Connection->command()
#13 /var/www/html/vendor/laravel/framework/src/Illuminate/Cache/RedisStore.php(61): Illuminate\\Redis\\Connections\\Connection->__call()
#14 /var/www/html/vendor/laravel/framework/src/Illuminate/Cache/Repository.php(97): Illuminate\\Cache\\RedisStore->get()
#15 /var/www/html/vendor/laravel/framework/src/Illuminate/Cache/Repository.php(376): Illuminate\\Cache\\Repository->get()
#16 /var/www/html/vendor/laravel/framework/src/Illuminate/Cache/CacheManager.php(406): Illuminate\\Cache\\Repository->remember()
#17 /var/www/html/vendor/laravel/framework/src/Illuminate/Support/Facades/Facade.php(261): Illuminate\\Cache\\CacheManager->__call()
#18 /var/www/html/app/Providers/AppServiceProvider.php(80): Illuminate\\Support\\Facades\\Facade::__callStatic()
#19 /var/www/html/app/Providers/AppServiceProvider.php(31): Pterodactyl\\Providers\\AppServiceProvider->versionData()
#20 /var/www/html/vendor/laravel/framework/src/Illuminate/Container/BoundMethod.php(36): Pterodactyl\\Providers\\AppServiceProvider->boot()
#21 /var/www/html/vendor/laravel/framework/src/Illuminate/Container/Util.php(40): Illuminate\\Container\\BoundMethod::Illuminate\\Container\\{closure}()
#22 /var/www/html/vendor/laravel/framework/src/Illuminate/Container/BoundMethod.php(93): Illuminate\\Container\\Util::unwrapIfClosure()
#23 /var/www/html/vendor/laravel/framework/src/Illuminate/Container/BoundMethod.php(37): Illuminate\\Container\\BoundMethod::callBoundMethod()
#24 /var/www/html/vendor/laravel/framework/src/Illuminate/Container/Container.php(610): Illuminate\\Container\\BoundMethod::call()
#25 /var/www/html/vendor/laravel/framework/src/Illuminate/Foundation/Application.php(869): Illuminate\\Container\\Container->call()
#26 /var/www/html/vendor/laravel/framework/src/Illuminate/Foundation/Application.php(850): Illuminate\\Foundation\\Application->bootProvider()
#27 [internal function]: Illuminate\\Foundation\\Application->Illuminate\\Foundation\\{closure}()
#28 /var/www/html/vendor/laravel/framework/src/Illuminate/Foundation/Application.php(851): array_walk()
#29 /var/www/html/vendor/laravel/framework/src/Illuminate/Foundation/Bootstrap/BootProviders.php(17): Illuminate\\Foundation\\Application->boot()
#30 /var/www/html/vendor/laravel/framework/src/Illuminate/Foundation/Application.php(230): Illuminate\\Foundation\\Bootstrap\\BootProviders->bootstrap()
#31 /var/www/html/vendor/laravel/framework/src/Illuminate/Foundation/Http/Kernel.php(152): Illuminate\\Foundation\\Application->bootstrapWith()
#32 /var/www/html/vendor/laravel/framework/src/Illuminate/Foundation/Http/Kernel.php(136): Illuminate\\Foundation\\Http\\Kernel->bootstrap()
#33 /var/www/html/vendor/laravel/framework/src/Illuminate/Foundation/Http/Kernel.php(110): Illuminate\\Foundation\\Http\\Kernel->sendRequestThroughRouter()
#34 /var/www/html/public/index.php(68): Illuminate\\Foundation\\Http\\Kernel->handle()
#35 {main}
"} 
[2021-05-23 10:09:34] production.ERROR: php_network_getaddresses: getaddrinfo failed: Try again [tcp://cache:6379] {"exception":"[object] (Predis\\Connection\\ConnectionException(code: 0): php_network_getaddresses: getaddrinfo failed: Try again [tcp://cache:6379] at /var/www/html/vendor/predis/predis/src/Connection/AbstractConnection.php:155)
[stacktrace]
#0 /var/www/html/vendor/predis/predis/src/Connection/StreamConnection.php(128): Predis\\Connection\\AbstractConnection->onConnectionError()
#1 /var/www/html/vendor/predis/predis/src/Connection/StreamConnection.php(178): Predis\\Connection\\StreamConnection->createStreamSocket()
#2 /var/www/html/vendor/predis/predis/src/Connection/StreamConnection.php(100): Predis\\Connection\\StreamConnection->tcpStreamInitializer()
#3 /var/www/html/vendor/predis/predis/src/Connection/AbstractConnection.php(81): Predis\\Connection\\StreamConnection->createResource()
#4 /var/www/html/vendor/predis/predis/src/Connection/StreamConnection.php(258): Predis\\Connection\\AbstractConnection->connect()
#5 /var/www/html/vendor/predis/predis/src/Connection/AbstractConnection.php(180): Predis\\Connection\\StreamConnection->connect()
#6 /var/www/html/vendor/predis/predis/src/Connection/StreamConnection.php(288): Predis\\Connection\\AbstractConnection->getResource()
#7 /var/www/html/vendor/predis/predis/src/Connection/StreamConnection.php(394): Predis\\Connection\\StreamConnection->write()
#8 /var/www/html/vendor/predis/predis/src/Connection/AbstractConnection.php(110): Predis\\Connection\\StreamConnection->writeRequest()
#9 /var/www/html/vendor/predis/predis/src/Client.php(331): Predis\\Connection\\AbstractConnection->executeCommand()
#10 /var/www/html/vendor/predis/predis/src/Client.php(314): Predis\\Client->executeCommand()
#11 /var/www/html/vendor/laravel/framework/src/Illuminate/Redis/Connections/Connection.php(116): Predis\\Client->__call()
#12 /var/www/html/vendor/laravel/framework/src/Illuminate/Redis/Connections/Connection.php(220): Illuminate\\Redis\\Connections\\Connection->command()
#13 /var/www/html/vendor/laravel/framework/src/Illuminate/Cache/RedisStore.php(61): Illuminate\\Redis\\Connections\\Connection->__call()
#14 /var/www/html/vendor/laravel/framework/src/Illuminate/Cache/Repository.php(97): Illuminate\\Cache\\RedisStore->get()
#15 /var/www/html/vendor/laravel/framework/src/Illuminate/Cache/Repository.php(376): Illuminate\\Cache\\Repository->get()
#16 /var/www/html/vendor/laravel/framework/src/Illuminate/Cache/CacheManager.php(406): Illuminate\\Cache\\Repository->remember()
#17 /var/www/html/vendor/laravel/framework/src/Illuminate/Support/Facades/Facade.php(261): Illuminate\\Cache\\CacheManager->__call()
#18 /var/www/html/app/Providers/AppServiceProvider.php(80): Illuminate\\Support\\Facades\\Facade::__callStatic()
#19 /var/www/html/app/Providers/AppServiceProvider.php(31): Pterodactyl\\Providers\\AppServiceProvider->versionData()
#20 /var/www/html/vendor/laravel/framework/src/Illuminate/Container/BoundMethod.php(36): Pterodactyl\\Providers\\AppServiceProvider->boot()
#21 /var/www/html/vendor/laravel/framework/src/Illuminate/Container/Util.php(40): Illuminate\\Container\\BoundMethod::Illuminate\\Container\\{closure}()
#22 /var/www/html/vendor/laravel/framework/src/Illuminate/Container/BoundMethod.php(93): Illuminate\\Container\\Util::unwrapIfClosure()
#23 /var/www/html/vendor/laravel/framework/src/Illuminate/Container/BoundMethod.php(37): Illuminate\\Container\\BoundMethod::callBoundMethod()
#24 /var/www/html/vendor/laravel/framework/src/Illuminate/Container/Container.php(610): Illuminate\\Container\\BoundMethod::call()
#25 /var/www/html/vendor/laravel/framework/src/Illuminate/Foundation/Application.php(869): Illuminate\\Container\\Container->call()
#26 /var/www/html/vendor/laravel/framework/src/Illuminate/Foundation/Application.php(850): Illuminate\\Foundation\\Application->bootProvider()
#27 [internal function]: Illuminate\\Foundation\\Application->Illuminate\\Foundation\\{closure}()
#28 /var/www/html/vendor/laravel/framework/src/Illuminate/Foundation/Application.php(851): array_walk()
#29 /var/www/html/vendor/laravel/framework/src/Illuminate/Foundation/Bootstrap/BootProviders.php(17): Illuminate\\Foundation\\Application->boot()
#30 /var/www/html/vendor/laravel/framework/src/Illuminate/Foundation/Application.php(230): Illuminate\\Foundation\\Bootstrap\\BootProviders->bootstrap()
#31 /var/www/html/vendor/laravel/framework/src/Illuminate/Foundation/Http/Kernel.php(152): Illuminate\\Foundation\\Application->bootstrapWith()
#32 /var/www/html/vendor/laravel/framework/src/Illuminate/Foundation/Http/Kernel.php(136): Illuminate\\Foundation\\Http\\Kernel->bootstrap()
#33 /var/www/html/vendor/laravel/framework/src/Illuminate/Foundation/Http/Kernel.php(110): Illuminate\\Foundation\\Http\\Kernel->sendRequestThroughRouter()
#34 /var/www/html/public/index.php(68): Illuminate\\Foundation\\Http\\Kernel->handle()
#35 {main}
"} 
[2021-05-23 11:15:41] production.ERROR: php_network_getaddresses: getaddrinfo failed: Try again [tcp://cache:6379] {"exception":"[object] (Predis\\Connection\\ConnectionException(code: 0): php_network_getaddresses: getaddrinfo failed: Try again [tcp://cache:6379] at /var/www/html/vendor/predis/predis/src/Connection/AbstractConnection.php:155)
[stacktrace]
#0 /var/www/html/vendor/predis/predis/src/Connection/StreamConnection.php(128): Predis\\Connection\\AbstractConnection->onConnectionError()
#1 /var/www/html/vendor/predis/predis/src/Connection/StreamConnection.php(178): Predis\\Connection\\StreamConnection->createStreamSocket()
#2 /var/www/html/vendor/predis/predis/src/Connection/StreamConnection.php(100): Predis\\Connection\\StreamConnection->tcpStreamInitializer()
#3 /var/www/html/vendor/predis/predis/src/Connection/AbstractConnection.php(81): Predis\\Connection\\StreamConnection->createResource()
#4 /var/www/html/vendor/predis/predis/src/Connection/StreamConnection.php(258): Predis\\Connection\\AbstractConnection->connect()
#5 /var/www/html/vendor/predis/predis/src/Connection/AbstractConnection.php(180): Predis\\Connection\\StreamConnection->connect()
#6 /var/www/html/vendor/predis/predis/src/Connection/StreamConnection.php(288): Predis\\Connection\\AbstractConnection->getResource()
#7 /var/www/html/vendor/predis/predis/src/Connection/StreamConnection.php(394): Predis\\Connection\\StreamConnection->write()
#8 /var/www/html/vendor/predis/predis/src/Connection/AbstractConnection.php(110): Predis\\Connection\\StreamConnection->writeRequest()
#9 /var/www/html/vendor/predis/predis/src/Client.php(331): Predis\\Connection\\AbstractConnection->executeCommand()
#10 /var/www/html/vendor/predis/predis/src/Client.php(314): Predis\\Client->executeCommand()
#11 /var/www/html/vendor/laravel/framework/src/Illuminate/Redis/Connections/Connection.php(116): Predis\\Client->__call()
#12 /var/www/html/vendor/laravel/framework/src/Illuminate/Redis/Connections/Connection.php(220): Illuminate\\Redis\\Connections\\Connection->command()
#13 /var/www/html/vendor/laravel/framework/src/Illuminate/Cache/RedisStore.php(61): Illuminate\\Redis\\Connections\\Connection->__call()
#14 /var/www/html/vendor/laravel/framework/src/Illuminate/Cache/Repository.php(97): Illuminate\\Cache\\RedisStore->get()
#15 /var/www/html/vendor/laravel/framework/src/Illuminate/Cache/Repository.php(376): Illuminate\\Cache\\Repository->get()
#16 /var/www/html/vendor/laravel/framework/src/Illuminate/Cache/CacheManager.php(406): Illuminate\\Cache\\Repository->remember()
#17 /var/www/html/vendor/laravel/framework/src/Illuminate/Support/Facades/Facade.php(261): Illuminate\\Cache\\CacheManager->__call()
#18 /var/www/html/app/Providers/AppServiceProvider.php(80): Illuminate\\Support\\Facades\\Facade::__callStatic()
#19 /var/www/html/app/Providers/AppServiceProvider.php(31): Pterodactyl\\Providers\\AppServiceProvider->versionData()
#20 /var/www/html/vendor/laravel/framework/src/Illuminate/Container/BoundMethod.php(36): Pterodactyl\\Providers\\AppServiceProvider->boot()
#21 /var/www/html/vendor/laravel/framework/src/Illuminate/Container/Util.php(40): Illuminate\\Container\\BoundMethod::Illuminate\\Container\\{closure}()
#22 /var/www/html/vendor/laravel/framework/src/Illuminate/Container/BoundMethod.php(93): Illuminate\\Container\\Util::unwrapIfClosure()
#23 /var/www/html/vendor/laravel/framework/src/Illuminate/Container/BoundMethod.php(37): Illuminate\\Container\\BoundMethod::callBoundMethod()
#24 /var/www/html/vendor/laravel/framework/src/Illuminate/Container/Container.php(610): Illuminate\\Container\\BoundMethod::call()
#25 /var/www/html/vendor/laravel/framework/src/Illuminate/Foundation/Application.php(869): Illuminate\\Container\\Container->call()
#26 /var/www/html/vendor/laravel/framework/src/Illuminate/Foundation/Application.php(850): Illuminate\\Foundation\\Application->bootProvider()
#27 [internal function]: Illuminate\\Foundation\\Application->Illuminate\\Foundation\\{closure}()
#28 /var/www/html/vendor/laravel/framework/src/Illuminate/Foundation/Application.php(851): array_walk()
#29 /var/www/html/vendor/laravel/framework/src/Illuminate/Foundation/Bootstrap/BootProviders.php(17): Illuminate\\Foundation\\Application->boot()
#30 /var/www/html/vendor/laravel/framework/src/Illuminate/Foundation/Application.php(230): Illuminate\\Foundation\\Bootstrap\\BootProviders->bootstrap()
#31 /var/www/html/vendor/laravel/framework/src/Illuminate/Foundation/Http/Kernel.php(152): Illuminate\\Foundation\\Application->bootstrapWith()
#32 /var/www/html/vendor/laravel/framework/src/Illuminate/Foundation/Http/Kernel.php(136): Illuminate\\Foundation\\Http\\Kernel->bootstrap()
#33 /var/www/html/vendor/laravel/framework/src/Illuminate/Foundation/Http/Kernel.php(110): Illuminate\\Foundation\\Http\\Kernel->sendRequestThroughRouter()
#34 /var/www/html/public/index.php(68): Illuminate\\Foundation\\Http\\Kernel->handle()
#35 {main}
"} 
[2021-05-23 11:15:43] production.ERROR: php_network_getaddresses: getaddrinfo failed: Try again [tcp://cache:6379] {"exception":"[object] (Predis\\Connection\\ConnectionException(code: 0): php_network_getaddresses: getaddrinfo failed: Try again [tcp://cache:6379] at /var/www/html/vendor/predis/predis/src/Connection/AbstractConnection.php:155)
[stacktrace]
#0 /var/www/html/vendor/predis/predis/src/Connection/StreamConnection.php(128): Predis\\Connection\\AbstractConnection->onConnectionError()
#1 /var/www/html/vendor/predis/predis/src/Connection/StreamConnection.php(178): Predis\\Connection\\StreamConnection->createStreamSocket()
#2 /var/www/html/vendor/predis/predis/src/Connection/StreamConnection.php(100): Predis\\Connection\\StreamConnection->tcpStreamInitializer()
#3 /var/www/html/vendor/predis/predis/src/Connection/AbstractConnection.php(81): Predis\\Connection\\StreamConnection->createResource()
#4 /var/www/html/vendor/predis/predis/src/Connection/StreamConnection.php(258): Predis\\Connection\\AbstractConnection->connect()
#5 /var/www/html/vendor/predis/predis/src/Connection/AbstractConnection.php(180): Predis\\Connection\\StreamConnection->connect()
#6 /var/www/html/vendor/predis/predis/src/Connection/StreamConnection.php(288): Predis\\Connection\\AbstractConnection->getResource()
#7 /var/www/html/vendor/predis/predis/src/Connection/StreamConnection.php(394): Predis\\Connection\\StreamConnection->write()
#8 /var/www/html/vendor/predis/predis/src/Connection/AbstractConnection.php(110): Predis\\Connection\\StreamConnection->writeRequest()
#9 /var/www/html/vendor/predis/predis/src/Client.php(331): Predis\\Connection\\AbstractConnection->executeCommand()
#10 /var/www/html/vendor/predis/predis/src/Client.php(314): Predis\\Client->executeCommand()
#11 /var/www/html/vendor/laravel/framework/src/Illuminate/Redis/Connections/Connection.php(116): Predis\\Client->__call()
#12 /var/www/html/vendor/laravel/framework/src/Illuminate/Redis/Connections/Connection.php(220): Illuminate\\Redis\\Connections\\Connection->command()
#13 /var/www/html/vendor/laravel/framework/src/Illuminate/Cache/RedisStore.php(61): Illuminate\\Redis\\Connections\\Connection->__call()
#14 /var/www/html/vendor/laravel/framework/src/Illuminate/Cache/Repository.php(97): Illuminate\\Cache\\RedisStore->get()
#15 /var/www/html/vendor/laravel/framework/src/Illuminate/Cache/Repository.php(376): Illuminate\\Cache\\Repository->get()
#16 /var/www/html/vendor/laravel/framework/src/Illuminate/Cache/CacheManager.php(406): Illuminate\\Cache\\Repository->remember()
#17 /var/www/html/vendor/laravel/framework/src/Illuminate/Support/Facades/Facade.php(261): Illuminate\\Cache\\CacheManager->__call()
#18 /var/www/html/app/Providers/AppServiceProvider.php(80): Illuminate\\Support\\Facades\\Facade::__callStatic()
#19 /var/www/html/app/Providers/AppServiceProvider.php(31): Pterodactyl\\Providers\\AppServiceProvider->versionData()
#20 /var/www/html/vendor/laravel/framework/src/Illuminate/Container/BoundMethod.php(36): Pterodactyl\\Providers\\AppServiceProvider->boot()
#21 /var/www/html/vendor/laravel/framework/src/Illuminate/Container/Util.php(40): Illuminate\\Container\\BoundMethod::Illuminate\\Container\\{closure}()
#22 /var/www/html/vendor/laravel/framework/src/Illuminate/Container/BoundMethod.php(93): Illuminate\\Container\\Util::unwrapIfClosure()
#23 /var/www/html/vendor/laravel/framework/src/Illuminate/Container/BoundMethod.php(37): Illuminate\\Container\\BoundMethod::callBoundMethod()
#24 /var/www/html/vendor/laravel/framework/src/Illuminate/Container/Container.php(610): Illuminate\\Container\\BoundMethod::call()
#25 /var/www/html/vendor/laravel/framework/src/Illuminate/Foundation/Application.php(869): Illuminate\\Container\\Container->call()
#26 /var/www/html/vendor/laravel/framework/src/Illuminate/Foundation/Application.php(850): Illuminate\\Foundation\\Application->bootProvider()
#27 [internal function]: Illuminate\\Foundation\\Application->Illuminate\\Foundation\\{closure}()
#28 /var/www/html/vendor/laravel/framework/src/Illuminate/Foundation/Application.php(851): array_walk()
#29 /var/www/html/vendor/laravel/framework/src/Illuminate/Foundation/Bootstrap/BootProviders.php(17): Illuminate\\Foundation\\Application->boot()
#30 /var/www/html/vendor/laravel/framework/src/Illuminate/Foundation/Application.php(230): Illuminate\\Foundation\\Bootstrap\\BootProviders->bootstrap()
#31 /var/www/html/vendor/laravel/framework/src/Illuminate/Foundation/Http/Kernel.php(152): Illuminate\\Foundation\\Application->bootstrapWith()
#32 /var/www/html/vendor/laravel/framework/src/Illuminate/Foundation/Http/Kernel.php(136): Illuminate\\Foundation\\Http\\Kernel->bootstrap()
#33 /var/www/html/vendor/laravel/framework/src/Illuminate/Foundation/Http/Kernel.php(110): Illuminate\\Foundation\\Http\\Kernel->sendRequestThroughRouter()
#34 /var/www/html/public/index.php(68): Illuminate\\Foundation\\Http\\Kernel->handle()
#35 {main}
"} 
[2021-05-23 11:31:08] production.ERROR: php_network_getaddresses: getaddrinfo failed: Try again [tcp://cache:6379] {"exception":"[object] (Predis\\Connection\\ConnectionException(code: 0): php_network_getaddresses: getaddrinfo failed: Try again [tcp://cache:6379] at /var/www/html/vendor/predis/predis/src/Connection/AbstractConnection.php:155)
[stacktrace]
#0 /var/www/html/vendor/predis/predis/src/Connection/StreamConnection.php(128): Predis\\Connection\\AbstractConnection->onConnectionError()
#1 /var/www/html/vendor/predis/predis/src/Connection/StreamConnection.php(178): Predis\\Connection\\StreamConnection->createStreamSocket()
#2 /var/www/html/vendor/predis/predis/src/Connection/StreamConnection.php(100): Predis\\Connection\\StreamConnection->tcpStreamInitializer()
#3 /var/www/html/vendor/predis/predis/src/Connection/AbstractConnection.php(81): Predis\\Connection\\StreamConnection->createResource()
#4 /var/www/html/vendor/predis/predis/src/Connection/StreamConnection.php(258): Predis\\Connection\\AbstractConnection->connect()
#5 /var/www/html/vendor/predis/predis/src/Connection/AbstractConnection.php(180): Predis\\Connection\\StreamConnection->connect()
#6 /var/www/html/vendor/predis/predis/src/Connection/StreamConnection.php(288): Predis\\Connection\\AbstractConnection->getResource()
#7 /var/www/html/vendor/predis/predis/src/Connection/StreamConnection.php(394): Predis\\Connection\\StreamConnection->write()
#8 /var/www/html/vendor/predis/predis/src/Connection/AbstractConnection.php(110): Predis\\Connection\\StreamConnection->writeRequest()
#9 /var/www/html/vendor/predis/predis/src/Client.php(331): Predis\\Connection\\AbstractConnection->executeCommand()
#10 /var/www/html/vendor/predis/predis/src/Client.php(314): Predis\\Client->executeCommand()
#11 /var/www/html/vendor/laravel/framework/src/Illuminate/Redis/Connections/Connection.php(116): Predis\\Client->__call()
#12 /var/www/html/vendor/laravel/framework/src/Illuminate/Redis/Connections/Connection.php(220): Illuminate\\Redis\\Connections\\Connection->command()
#13 /var/www/html/vendor/laravel/framework/src/Illuminate/Cache/RedisStore.php(61): Illuminate\\Redis\\Connections\\Connection->__call()
#14 /var/www/html/vendor/laravel/framework/src/Illuminate/Cache/Repository.php(97): Illuminate\\Cache\\RedisStore->get()
#15 /var/www/html/vendor/laravel/framework/src/Illuminate/Cache/Repository.php(376): Illuminate\\Cache\\Repository->get()
#16 /var/www/html/vendor/laravel/framework/src/Illuminate/Cache/CacheManager.php(406): Illuminate\\Cache\\Repository->remember()
#17 /var/www/html/vendor/laravel/framework/src/Illuminate/Support/Facades/Facade.php(261): Illuminate\\Cache\\CacheManager->__call()
#18 /var/www/html/app/Providers/AppServiceProvider.php(80): Illuminate\\Support\\Facades\\Facade::__callStatic()
#19 /var/www/html/app/Providers/AppServiceProvider.php(31): Pterodactyl\\Providers\\AppServiceProvider->versionData()
#20 /var/www/html/vendor/laravel/framework/src/Illuminate/Container/BoundMethod.php(36): Pterodactyl\\Providers\\AppServiceProvider->boot()
#21 /var/www/html/vendor/laravel/framework/src/Illuminate/Container/Util.php(40): Illuminate\\Container\\BoundMethod::Illuminate\\Container\\{closure}()
#22 /var/www/html/vendor/laravel/framework/src/Illuminate/Container/BoundMethod.php(93): Illuminate\\Container\\Util::unwrapIfClosure()
#23 /var/www/html/vendor/laravel/framework/src/Illuminate/Container/BoundMethod.php(37): Illuminate\\Container\\BoundMethod::callBoundMethod()
#24 /var/www/html/vendor/laravel/framework/src/Illuminate/Container/Container.php(610): Illuminate\\Container\\BoundMethod::call()
#25 /var/www/html/vendor/laravel/framework/src/Illuminate/Foundation/Application.php(869): Illuminate\\Container\\Container->call()
#26 /var/www/html/vendor/laravel/framework/src/Illuminate/Foundation/Application.php(850): Illuminate\\Foundation\\Application->bootProvider()
#27 [internal function]: Illuminate\\Foundation\\Application->Illuminate\\Foundation\\{closure}()
#28 /var/www/html/vendor/laravel/framework/src/Illuminate/Foundation/Application.php(851): array_walk()
#29 /var/www/html/vendor/laravel/framework/src/Illuminate/Foundation/Bootstrap/BootProviders.php(17): Illuminate\\Foundation\\Application->boot()
#30 /var/www/html/vendor/laravel/framework/src/Illuminate/Foundation/Application.php(230): Illuminate\\Foundation\\Bootstrap\\BootProviders->bootstrap()
#31 /var/www/html/vendor/laravel/framework/src/Illuminate/Foundation/Http/Kernel.php(152): Illuminate\\Foundation\\Application->bootstrapWith()
#32 /var/www/html/vendor/laravel/framework/src/Illuminate/Foundation/Http/Kernel.php(136): Illuminate\\Foundation\\Http\\Kernel->bootstrap()
#33 /var/www/html/vendor/laravel/framework/src/Illuminate/Foundation/Http/Kernel.php(110): Illuminate\\Foundation\\Http\\Kernel->sendRequestThroughRouter()
#34 /var/www/html/public/index.php(68): Illuminate\\Foundation\\Http\\Kernel->handle()
#35 {main}
"} 
[2021-05-23 13:30:02] production.ERROR: php_network_getaddresses: getaddrinfo failed: Try again [tcp://cache:6379] {"exception":"[object] (Predis\\Connection\\ConnectionException(code: 0): php_network_getaddresses: getaddrinfo failed: Try again [tcp://cache:6379] at /var/www/html/vendor/predis/predis/src/Connection/AbstractConnection.php:155)
[stacktrace]
#0 /var/www/html/vendor/predis/predis/src/Connection/StreamConnection.php(128): Predis\\Connection\\AbstractConnection->onConnectionError()
#1 /var/www/html/vendor/predis/predis/src/Connection/StreamConnection.php(178): Predis\\Connection\\StreamConnection->createStreamSocket()
#2 /var/www/html/vendor/predis/predis/src/Connection/StreamConnection.php(100): Predis\\Connection\\StreamConnection->tcpStreamInitializer()
#3 /var/www/html/vendor/predis/predis/src/Connection/AbstractConnection.php(81): Predis\\Connection\\StreamConnection->createResource()
#4 /var/www/html/vendor/predis/predis/src/Connection/StreamConnection.php(258): Predis\\Connection\\AbstractConnection->connect()
#5 /var/www/html/vendor/predis/predis/src/Connection/AbstractConnection.php(180): Predis\\Connection\\StreamConnection->connect()
#6 /var/www/html/vendor/predis/predis/src/Connection/StreamConnection.php(288): Predis\\Connection\\AbstractConnection->getResource()
#7 /var/www/html/vendor/predis/predis/src/Connection/StreamConnection.php(394): Predis\\Connection\\StreamConnection->write()
#8 /var/www/html/vendor/predis/predis/src/Connection/AbstractConnection.php(110): Predis\\Connection\\StreamConnection->writeRequest()
#9 /var/www/html/vendor/predis/predis/src/Client.php(331): Predis\\Connection\\AbstractConnection->executeCommand()
#10 /var/www/html/vendor/predis/predis/src/Client.php(314): Predis\\Client->executeCommand()
#11 /var/www/html/vendor/laravel/framework/src/Illuminate/Redis/Connections/Connection.php(116): Predis\\Client->__call()
#12 /var/www/html/vendor/laravel/framework/src/Illuminate/Redis/Connections/Connection.php(220): Illuminate\\Redis\\Connections\\Connection->command()
#13 /var/www/html/vendor/laravel/framework/src/Illuminate/Cache/RedisStore.php(61): Illuminate\\Redis\\Connections\\Connection->__call()
#14 /var/www/html/vendor/laravel/framework/src/Illuminate/Cache/Repository.php(97): Illuminate\\Cache\\RedisStore->get()
#15 /var/www/html/vendor/laravel/framework/src/Illuminate/Cache/Repository.php(376): Illuminate\\Cache\\Repository->get()
#16 /var/www/html/vendor/laravel/framework/src/Illuminate/Cache/CacheManager.php(406): Illuminate\\Cache\\Repository->remember()
#17 /var/www/html/vendor/laravel/framework/src/Illuminate/Support/Facades/Facade.php(261): Illuminate\\Cache\\CacheManager->__call()
#18 /var/www/html/app/Providers/AppServiceProvider.php(80): Illuminate\\Support\\Facades\\Facade::__callStatic()
#19 /var/www/html/app/Providers/AppServiceProvider.php(31): Pterodactyl\\Providers\\AppServiceProvider->versionData()
#20 /var/www/html/vendor/laravel/framework/src/Illuminate/Container/BoundMethod.php(36): Pterodactyl\\Providers\\AppServiceProvider->boot()
#21 /var/www/html/vendor/laravel/framework/src/Illuminate/Container/Util.php(40): Illuminate\\Container\\BoundMethod::Illuminate\\Container\\{closure}()
#22 /var/www/html/vendor/laravel/framework/src/Illuminate/Container/BoundMethod.php(93): Illuminate\\Container\\Util::unwrapIfClosure()
#23 /var/www/html/vendor/laravel/framework/src/Illuminate/Container/BoundMethod.php(37): Illuminate\\Container\\BoundMethod::callBoundMethod()
#24 /var/www/html/vendor/laravel/framework/src/Illuminate/Container/Container.php(610): Illuminate\\Container\\BoundMethod::call()
#25 /var/www/html/vendor/laravel/framework/src/Illuminate/Foundation/Application.php(869): Illuminate\\Container\\Container->call()
#26 /var/www/html/vendor/laravel/framework/src/Illuminate/Foundation/Application.php(850): Illuminate\\Foundation\\Application->bootProvider()
#27 [internal function]: Illuminate\\Foundation\\Application->Illuminate\\Foundation\\{closure}()
#28 /var/www/html/vendor/laravel/framework/src/Illuminate/Foundation/Application.php(851): array_walk()
#29 /var/www/html/vendor/laravel/framework/src/Illuminate/Foundation/Bootstrap/BootProviders.php(17): Illuminate\\Foundation\\Application->boot()
#30 /var/www/html/vendor/laravel/framework/src/Illuminate/Foundation/Application.php(230): Illuminate\\Foundation\\Bootstrap\\BootProviders->bootstrap()
#31 /var/www/html/vendor/laravel/framework/src/Illuminate/Foundation/Http/Kernel.php(152): Illuminate\\Foundation\\Application->bootstrapWith()
#32 /var/www/html/vendor/laravel/framework/src/Illuminate/Foundation/Http/Kernel.php(136): Illuminate\\Foundation\\Http\\Kernel->bootstrap()
#33 /var/www/html/vendor/laravel/framework/src/Illuminate/Foundation/Http/Kernel.php(110): Illuminate\\Foundation\\Http\\Kernel->sendRequestThroughRouter()
#34 /var/www/html/public/index.php(68): Illuminate\\Foundation\\Http\\Kernel->handle()
#35 {main}
"} 
[2021-05-23 14:57:55] production.ERROR: php_network_getaddresses: getaddrinfo failed: Try again [tcp://cache:6379] {"exception":"[object] (Predis\\Connection\\ConnectionException(code: 0): php_network_getaddresses: getaddrinfo failed: Try again [tcp://cache:6379] at /var/www/html/vendor/predis/predis/src/Connection/AbstractConnection.php:155)
[stacktrace]
#0 /var/www/html/vendor/predis/predis/src/Connection/StreamConnection.php(128): Predis\\Connection\\AbstractConnection->onConnectionError()
#1 /var/www/html/vendor/predis/predis/src/Connection/StreamConnection.php(178): Predis\\Connection\\StreamConnection->createStreamSocket()
#2 /var/www/html/vendor/predis/predis/src/Connection/StreamConnection.php(100): Predis\\Connection\\StreamConnection->tcpStreamInitializer()
#3 /var/www/html/vendor/predis/predis/src/Connection/AbstractConnection.php(81): Predis\\Connection\\StreamConnection->createResource()
#4 /var/www/html/vendor/predis/predis/src/Connection/StreamConnection.php(258): Predis\\Connection\\AbstractConnection->connect()
#5 /var/www/html/vendor/predis/predis/src/Connection/AbstractConnection.php(180): Predis\\Connection\\StreamConnection->connect()
#6 /var/www/html/vendor/predis/predis/src/Connection/StreamConnection.php(288): Predis\\Connection\\AbstractConnection->getResource()
#7 /var/www/html/vendor/predis/predis/src/Connection/StreamConnection.php(394): Predis\\Connection\\StreamConnection->write()
#8 /var/www/html/vendor/predis/predis/src/Connection/AbstractConnection.php(110): Predis\\Connection\\StreamConnection->writeRequest()
#9 /var/www/html/vendor/predis/predis/src/Client.php(331): Predis\\Connection\\AbstractConnection->executeCommand()
#10 /var/www/html/vendor/predis/predis/src/Client.php(314): Predis\\Client->executeCommand()
#11 /var/www/html/vendor/laravel/framework/src/Illuminate/Redis/Connections/Connection.php(116): Predis\\Client->__call()
#12 /var/www/html/vendor/laravel/framework/src/Illuminate/Redis/Connections/Connection.php(220): Illuminate\\Redis\\Connections\\Connection->command()
#13 /var/www/html/vendor/laravel/framework/src/Illuminate/Cache/RedisStore.php(61): Illuminate\\Redis\\Connections\\Connection->__call()
#14 /var/www/html/vendor/laravel/framework/src/Illuminate/Cache/Repository.php(97): Illuminate\\Cache\\RedisStore->get()
#15 /var/www/html/vendor/laravel/framework/src/Illuminate/Cache/Repository.php(376): Illuminate\\Cache\\Repository->get()
#16 /var/www/html/vendor/laravel/framework/src/Illuminate/Cache/CacheManager.php(406): Illuminate\\Cache\\Repository->remember()
#17 /var/www/html/vendor/laravel/framework/src/Illuminate/Support/Facades/Facade.php(261): Illuminate\\Cache\\CacheManager->__call()
#18 /var/www/html/app/Providers/AppServiceProvider.php(80): Illuminate\\Support\\Facades\\Facade::__callStatic()
#19 /var/www/html/app/Providers/AppServiceProvider.php(31): Pterodactyl\\Providers\\AppServiceProvider->versionData()
#20 /var/www/html/vendor/laravel/framework/src/Illuminate/Container/BoundMethod.php(36): Pterodactyl\\Providers\\AppServiceProvider->boot()
#21 /var/www/html/vendor/laravel/framework/src/Illuminate/Container/Util.php(40): Illuminate\\Container\\BoundMethod::Illuminate\\Container\\{closure}()
#22 /var/www/html/vendor/laravel/framework/src/Illuminate/Container/BoundMethod.php(93): Illuminate\\Container\\Util::unwrapIfClosure()
#23 /var/www/html/vendor/laravel/framework/src/Illuminate/Container/BoundMethod.php(37): Illuminate\\Container\\BoundMethod::callBoundMethod()
#24 /var/www/html/vendor/laravel/framework/src/Illuminate/Container/Container.php(610): Illuminate\\Container\\BoundMethod::call()
#25 /var/www/html/vendor/laravel/framework/src/Illuminate/Foundation/Application.php(869): Illuminate\\Container\\Container->call()
#26 /var/www/html/vendor/laravel/framework/src/Illuminate/Foundation/Application.php(850): Illuminate\\Foundation\\Application->bootProvider()
#27 [internal function]: Illuminate\\Foundation\\Application->Illuminate\\Foundation\\{closure}()
#28 /var/www/html/vendor/laravel/framework/src/Illuminate/Foundation/Application.php(851): array_walk()
#29 /var/www/html/vendor/laravel/framework/src/Illuminate/Foundation/Bootstrap/BootProviders.php(17): Illuminate\\Foundation\\Application->boot()
#30 /var/www/html/vendor/laravel/framework/src/Illuminate/Foundation/Application.php(230): Illuminate\\Foundation\\Bootstrap\\BootProviders->bootstrap()
#31 /var/www/html/vendor/laravel/framework/src/Illuminate/Foundation/Http/Kernel.php(152): Illuminate\\Foundation\\Application->bootstrapWith()
#32 /var/www/html/vendor/laravel/framework/src/Illuminate/Foundation/Http/Kernel.php(136): Illuminate\\Foundation\\Http\\Kernel->bootstrap()
#33 /var/www/html/vendor/laravel/framework/src/Illuminate/Foundation/Http/Kernel.php(110): Illuminate\\Foundation\\Http\\Kernel->sendRequestThroughRouter()
#34 /var/www/html/public/index.php(68): Illuminate\\Foundation\\Http\\Kernel->handle()
#35 {main}
"} 
[2021-05-23 15:03:19] production.ERROR: php_network_getaddresses: getaddrinfo failed: Try again [tcp://cache:6379] {"exception":"[object] (Predis\\Connection\\ConnectionException(code: 0): php_network_getaddresses: getaddrinfo failed: Try again [tcp://cache:6379] at /var/www/html/vendor/predis/predis/src/Connection/AbstractConnection.php:155)
[stacktrace]
#0 /var/www/html/vendor/predis/predis/src/Connection/StreamConnection.php(128): Predis\\Connection\\AbstractConnection->onConnectionError()
#1 /var/www/html/vendor/predis/predis/src/Connection/StreamConnection.php(178): Predis\\Connection\\StreamConnection->createStreamSocket()
#2 /var/www/html/vendor/predis/predis/src/Connection/StreamConnection.php(100): Predis\\Connection\\StreamConnection->tcpStreamInitializer()
#3 /var/www/html/vendor/predis/predis/src/Connection/AbstractConnection.php(81): Predis\\Connection\\StreamConnection->createResource()
#4 /var/www/html/vendor/predis/predis/src/Connection/StreamConnection.php(258): Predis\\Connection\\AbstractConnection->connect()
#5 /var/www/html/vendor/predis/predis/src/Connection/AbstractConnection.php(180): Predis\\Connection\\StreamConnection->connect()
#6 /var/www/html/vendor/predis/predis/src/Connection/StreamConnection.php(288): Predis\\Connection\\AbstractConnection->getResource()
#7 /var/www/html/vendor/predis/predis/src/Connection/StreamConnection.php(394): Predis\\Connection\\StreamConnection->write()
#8 /var/www/html/vendor/predis/predis/src/Connection/AbstractConnection.php(110): Predis\\Connection\\StreamConnection->writeRequest()
#9 /var/www/html/vendor/predis/predis/src/Client.php(331): Predis\\Connection\\AbstractConnection->executeCommand()
#10 /var/www/html/vendor/predis/predis/src/Client.php(314): Predis\\Client->executeCommand()
#11 /var/www/html/vendor/laravel/framework/src/Illuminate/Redis/Connections/Connection.php(116): Predis\\Client->__call()
#12 /var/www/html/vendor/laravel/framework/src/Illuminate/Redis/Connections/Connection.php(220): Illuminate\\Redis\\Connections\\Connection->command()
#13 /var/www/html/vendor/laravel/framework/src/Illuminate/Cache/RedisStore.php(61): Illuminate\\Redis\\Connections\\Connection->__call()
#14 /var/www/html/vendor/laravel/framework/src/Illuminate/Cache/Repository.php(97): Illuminate\\Cache\\RedisStore->get()
#15 /var/www/html/vendor/laravel/framework/src/Illuminate/Cache/Repository.php(376): Illuminate\\Cache\\Repository->get()
#16 /var/www/html/vendor/laravel/framework/src/Illuminate/Cache/CacheManager.php(406): Illuminate\\Cache\\Repository->remember()
#17 /var/www/html/vendor/laravel/framework/src/Illuminate/Support/Facades/Facade.php(261): Illuminate\\Cache\\CacheManager->__call()
#18 /var/www/html/app/Providers/AppServiceProvider.php(80): Illuminate\\Support\\Facades\\Facade::__callStatic()
#19 /var/www/html/app/Providers/AppServiceProvider.php(31): Pterodactyl\\Providers\\AppServiceProvider->versionData()
#20 /var/www/html/vendor/laravel/framework/src/Illuminate/Container/BoundMethod.php(36): Pterodactyl\\Providers\\AppServiceProvider->boot()
#21 /var/www/html/vendor/laravel/framework/src/Illuminate/Container/Util.php(40): Illuminate\\Container\\BoundMethod::Illuminate\\Container\\{closure}()
#22 /var/www/html/vendor/laravel/framework/src/Illuminate/Container/BoundMethod.php(93): Illuminate\\Container\\Util::unwrapIfClosure()
#23 /var/www/html/vendor/laravel/framework/src/Illuminate/Container/BoundMethod.php(37): Illuminate\\Container\\BoundMethod::callBoundMethod()
#24 /var/www/html/vendor/laravel/framework/src/Illuminate/Container/Container.php(610): Illuminate\\Container\\BoundMethod::call()
#25 /var/www/html/vendor/laravel/framework/src/Illuminate/Foundation/Application.php(869): Illuminate\\Container\\Container->call()
#26 /var/www/html/vendor/laravel/framework/src/Illuminate/Foundation/Application.php(850): Illuminate\\Foundation\\Application->bootProvider()
#27 [internal function]: Illuminate\\Foundation\\Application->Illuminate\\Foundation\\{closure}()
#28 /var/www/html/vendor/laravel/framework/src/Illuminate/Foundation/Application.php(851): array_walk()
#29 /var/www/html/vendor/laravel/framework/src/Illuminate/Foundation/Bootstrap/BootProviders.php(17): Illuminate\\Foundation\\Application->boot()
#30 /var/www/html/vendor/laravel/framework/src/Illuminate/Foundation/Application.php(230): Illuminate\\Foundation\\Bootstrap\\BootProviders->bootstrap()
#31 /var/www/html/vendor/laravel/framework/src/Illuminate/Foundation/Http/Kernel.php(152): Illuminate\\Foundation\\Application->bootstrapWith()
#32 /var/www/html/vendor/laravel/framework/src/Illuminate/Foundation/Http/Kernel.php(136): Illuminate\\Foundation\\Http\\Kernel->bootstrap()
#33 /var/www/html/vendor/laravel/framework/src/Illuminate/Foundation/Http/Kernel.php(110): Illuminate\\Foundation\\Http\\Kernel->sendRequestThroughRouter()
#34 /var/www/html/public/index.php(68): Illuminate\\Foundation\\Http\\Kernel->handle()
#35 {main}
"} 
[2021-05-23 17:55:33] production.ERROR: php_network_getaddresses: getaddrinfo failed: Try again [tcp://cache:6379] {"exception":"[object] (Predis\\Connection\\ConnectionException(code: 0): php_network_getaddresses: getaddrinfo failed: Try again [tcp://cache:6379] at /var/www/html/vendor/predis/predis/src/Connection/AbstractConnection.php:155)
[stacktrace]
#0 /var/www/html/vendor/predis/predis/src/Connection/StreamConnection.php(128): Predis\\Connection\\AbstractConnection->onConnectionError()
#1 /var/www/html/vendor/predis/predis/src/Connection/StreamConnection.php(178): Predis\\Connection\\StreamConnection->createStreamSocket()
#2 /var/www/html/vendor/predis/predis/src/Connection/StreamConnection.php(100): Predis\\Connection\\StreamConnection->tcpStreamInitializer()
#3 /var/www/html/vendor/predis/predis/src/Connection/AbstractConnection.php(81): Predis\\Connection\\StreamConnection->createResource()
#4 /var/www/html/vendor/predis/predis/src/Connection/StreamConnection.php(258): Predis\\Connection\\AbstractConnection->connect()
#5 /var/www/html/vendor/predis/predis/src/Connection/AbstractConnection.php(180): Predis\\Connection\\StreamConnection->connect()
#6 /var/www/html/vendor/predis/predis/src/Connection/StreamConnection.php(288): Predis\\Connection\\AbstractConnection->getResource()
#7 /var/www/html/vendor/predis/predis/src/Connection/StreamConnection.php(394): Predis\\Connection\\StreamConnection->write()
#8 /var/www/html/vendor/predis/predis/src/Connection/AbstractConnection.php(110): Predis\\Connection\\StreamConnection->writeRequest()
#9 /var/www/html/vendor/predis/predis/src/Client.php(331): Predis\\Connection\\AbstractConnection->executeCommand()
#10 /var/www/html/vendor/predis/predis/src/Client.php(314): Predis\\Client->executeCommand()
#11 /var/www/html/vendor/laravel/framework/src/Illuminate/Redis/Connections/Connection.php(116): Predis\\Client->__call()
#12 /var/www/html/vendor/laravel/framework/src/Illuminate/Redis/Connections/Connection.php(220): Illuminate\\Redis\\Connections\\Connection->command()
#13 /var/www/html/vendor/laravel/framework/src/Illuminate/Cache/RedisStore.php(61): Illuminate\\Redis\\Connections\\Connection->__call()
#14 /var/www/html/vendor/laravel/framework/src/Illuminate/Cache/Repository.php(97): Illuminate\\Cache\\RedisStore->get()
#15 /var/www/html/vendor/laravel/framework/src/Illuminate/Cache/Repository.php(376): Illuminate\\Cache\\Repository->get()
#16 /var/www/html/vendor/laravel/framework/src/Illuminate/Cache/CacheManager.php(406): Illuminate\\Cache\\Repository->remember()
#17 /var/www/html/vendor/laravel/framework/src/Illuminate/Support/Facades/Facade.php(261): Illuminate\\Cache\\CacheManager->__call()
#18 /var/www/html/app/Providers/AppServiceProvider.php(80): Illuminate\\Support\\Facades\\Facade::__callStatic()
#19 /var/www/html/app/Providers/AppServiceProvider.php(31): Pterodactyl\\Providers\\AppServiceProvider->versionData()
#20 /var/www/html/vendor/laravel/framework/src/Illuminate/Container/BoundMethod.php(36): Pterodactyl\\Providers\\AppServiceProvider->boot()
#21 /var/www/html/vendor/laravel/framework/src/Illuminate/Container/Util.php(40): Illuminate\\Container\\BoundMethod::Illuminate\\Container\\{closure}()
#22 /var/www/html/vendor/laravel/framework/src/Illuminate/Container/BoundMethod.php(93): Illuminate\\Container\\Util::unwrapIfClosure()
#23 /var/www/html/vendor/laravel/framework/src/Illuminate/Container/BoundMethod.php(37): Illuminate\\Container\\BoundMethod::callBoundMethod()
#24 /var/www/html/vendor/laravel/framework/src/Illuminate/Container/Container.php(610): Illuminate\\Container\\BoundMethod::call()
#25 /var/www/html/vendor/laravel/framework/src/Illuminate/Foundation/Application.php(869): Illuminate\\Container\\Container->call()
#26 /var/www/html/vendor/laravel/framework/src/Illuminate/Foundation/Application.php(850): Illuminate\\Foundation\\Application->bootProvider()
#27 [internal function]: Illuminate\\Foundation\\Application->Illuminate\\Foundation\\{closure}()
#28 /var/www/html/vendor/laravel/framework/src/Illuminate/Foundation/Application.php(851): array_walk()
#29 /var/www/html/vendor/laravel/framework/src/Illuminate/Foundation/Bootstrap/BootProviders.php(17): Illuminate\\Foundation\\Application->boot()
#30 /var/www/html/vendor/laravel/framework/src/Illuminate/Foundation/Application.php(230): Illuminate\\Foundation\\Bootstrap\\BootProviders->bootstrap()
#31 /var/www/html/vendor/laravel/framework/src/Illuminate/Foundation/Http/Kernel.php(152): Illuminate\\Foundation\\Application->bootstrapWith()
#32 /var/www/html/vendor/laravel/framework/src/Illuminate/Foundation/Http/Kernel.php(136): Illuminate\\Foundation\\Http\\Kernel->bootstrap()
#33 /var/www/html/vendor/laravel/framework/src/Illuminate/Foundation/Http/Kernel.php(110): Illuminate\\Foundation\\Http\\Kernel->sendRequestThroughRouter()
#34 /var/www/html/public/index.php(68): Illuminate\\Foundation\\Http\\Kernel->handle()
#35 {main}
"} 
