[2021-05-09 16:24:33] production.ERROR: Expected response code 220 but got an empty response {"exception":"[object] (Swift_TransportException(code: 0): Expected response code 220 but got an empty response at /var/www/html/vendor/swiftmailer/swiftmailer/lib/classes/Swift/Transport/AbstractSmtpTransport.php:448)
[stacktrace]
#0 /var/www/html/vendor/swiftmailer/swiftmailer/lib/classes/Swift/Transport/AbstractSmtpTransport.php(361): Swift_Transport_AbstractSmtpTransport->assertResponseCode()
#1 /var/www/html/vendor/swiftmailer/swiftmailer/lib/classes/Swift/Transport/AbstractSmtpTransport.php(147): Swift_Transport_AbstractSmtpTransport->readGreeting()
#2 /var/www/html/vendor/swiftmailer/swiftmailer/lib/classes/Swift/Transport/SendmailTransport.php(50): Swift_Transport_AbstractSmtpTransport->start()
#3 /var/www/html/vendor/swiftmailer/swiftmailer/lib/classes/Swift/Mailer.php(65): Swift_Transport_SendmailTransport->start()
#4 /var/www/html/vendor/laravel/framework/src/Illuminate/Mail/Mailer.php(521): Swift_Mailer->send()
#5 /var/www/html/vendor/laravel/framework/src/Illuminate/Mail/Mailer.php(288): Illuminate\\Mail\\Mailer->sendSwiftMessage()
#6 /var/www/html/vendor/laravel/framework/src/Illuminate/Notifications/Channels/MailChannel.php(65): Illuminate\\Mail\\Mailer->send()
#7 /var/www/html/vendor/laravel/framework/src/Illuminate/Notifications/NotificationSender.php(148): Illuminate\\Notifications\\Channels\\MailChannel->send()
#8 /var/www/html/vendor/laravel/framework/src/Illuminate/Notifications/NotificationSender.php(106): Illuminate\\Notifications\\NotificationSender->sendToNotifiable()
#9 /var/www/html/vendor/laravel/framework/src/Illuminate/Support/Traits/Localizable.php(19): Illuminate\\Notifications\\NotificationSender->Illuminate\\Notifications\\{closure}()
#10 /var/www/html/vendor/laravel/framework/src/Illuminate/Notifications/NotificationSender.php(109): Illuminate\\Notifications\\NotificationSender->withLocale()
#11 /var/www/html/vendor/laravel/framework/src/Illuminate/Notifications/ChannelManager.php(54): Illuminate\\Notifications\\NotificationSender->sendNow()
#12 /var/www/html/vendor/laravel/framework/src/Illuminate/Notifications/SendQueuedNotifications.php(95): Illuminate\\Notifications\\ChannelManager->sendNow()
#13 /var/www/html/vendor/laravel/framework/src/Illuminate/Container/BoundMethod.php(36): Illuminate\\Notifications\\SendQueuedNotifications->handle()
#14 /var/www/html/vendor/laravel/framework/src/Illuminate/Container/Util.php(40): Illuminate\\Container\\BoundMethod::Illuminate\\Container\\{closure}()
#15 /var/www/html/vendor/laravel/framework/src/Illuminate/Container/BoundMethod.php(93): Illuminate\\Container\\Util::unwrapIfClosure()
#16 /var/www/html/vendor/laravel/framework/src/Illuminate/Container/BoundMethod.php(37): Illuminate\\Container\\BoundMethod::callBoundMethod()
#17 /var/www/html/vendor/laravel/framework/src/Illuminate/Container/Container.php(610): Illuminate\\Container\\BoundMethod::call()
#18 /var/www/html/vendor/laravel/framework/src/Illuminate/Bus/Dispatcher.php(128): Illuminate\\Container\\Container->call()
#19 /var/www/html/vendor/laravel/framework/src/Illuminate/Pipeline/Pipeline.php(128): Illuminate\\Bus\\Dispatcher->Illuminate\\Bus\\{closure}()
#20 /var/www/html/vendor/laravel/framework/src/Illuminate/Pipeline/Pipeline.php(103): Illuminate\\Pipeline\\Pipeline->Illuminate\\Pipeline\\{closure}()
#21 /var/www/html/vendor/laravel/framework/src/Illuminate/Bus/Dispatcher.php(132): Illuminate\\Pipeline\\Pipeline->then()
#22 /var/www/html/vendor/laravel/framework/src/Illuminate/Queue/CallQueuedHandler.php(118): Illuminate\\Bus\\Dispatcher->dispatchNow()
#23 /var/www/html/vendor/laravel/framework/src/Illuminate/Pipeline/Pipeline.php(128): Illuminate\\Queue\\CallQueuedHandler->Illuminate\\Queue\\{closure}()
#24 /var/www/html/vendor/laravel/framework/src/Illuminate/Pipeline/Pipeline.php(103): Illuminate\\Pipeline\\Pipeline->Illuminate\\Pipeline\\{closure}()
#25 /var/www/html/vendor/laravel/framework/src/Illuminate/Queue/CallQueuedHandler.php(120): Illuminate\\Pipeline\\Pipeline->then()
#26 /var/www/html/vendor/laravel/framework/src/Illuminate/Queue/CallQueuedHandler.php(70): Illuminate\\Queue\\CallQueuedHandler->dispatchThroughMiddleware()
#27 /var/www/html/vendor/laravel/framework/src/Illuminate/Queue/Jobs/Job.php(98): Illuminate\\Queue\\CallQueuedHandler->call()
#28 /var/www/html/vendor/laravel/framework/src/Illuminate/Queue/Worker.php(406): Illuminate\\Queue\\Jobs\\Job->fire()
#29 /var/www/html/vendor/laravel/framework/src/Illuminate/Queue/Worker.php(356): Illuminate\\Queue\\Worker->process()
#30 /var/www/html/vendor/laravel/framework/src/Illuminate/Queue/Worker.php(158): Illuminate\\Queue\\Worker->runJob()
#31 /var/www/html/vendor/laravel/framework/src/Illuminate/Queue/Console/WorkCommand.php(116): Illuminate\\Queue\\Worker->daemon()
#32 /var/www/html/vendor/laravel/framework/src/Illuminate/Queue/Console/WorkCommand.php(100): Illuminate\\Queue\\Console\\WorkCommand->runWorker()
#33 /var/www/html/vendor/laravel/framework/src/Illuminate/Container/BoundMethod.php(36): Illuminate\\Queue\\Console\\WorkCommand->handle()
#34 /var/www/html/vendor/laravel/framework/src/Illuminate/Container/Util.php(40): Illuminate\\Container\\BoundMethod::Illuminate\\Container\\{closure}()
#35 /var/www/html/vendor/laravel/framework/src/Illuminate/Container/BoundMethod.php(93): Illuminate\\Container\\Util::unwrapIfClosure()
#36 /var/www/html/vendor/laravel/framework/src/Illuminate/Container/BoundMethod.php(37): Illuminate\\Container\\BoundMethod::callBoundMethod()
#37 /var/www/html/vendor/laravel/framework/src/Illuminate/Container/Container.php(610): Illuminate\\Container\\BoundMethod::call()
#38 /var/www/html/vendor/laravel/framework/src/Illuminate/Console/Command.php(136): Illuminate\\Container\\Container->call()
#39 /var/www/html/vendor/symfony/console/Command/Command.php(255): Illuminate\\Console\\Command->execute()
#40 /var/www/html/vendor/laravel/framework/src/Illuminate/Console/Command.php(121): Symfony\\Component\\Console\\Command\\Command->run()
#41 /var/www/html/vendor/symfony/console/Application.php(971): Illuminate\\Console\\Command->run()
#42 /var/www/html/vendor/symfony/console/Application.php(290): Symfony\\Component\\Console\\Application->doRunCommand()
#43 /var/www/html/vendor/symfony/console/Application.php(166): Symfony\\Component\\Console\\Application->doRun()
#44 /var/www/html/vendor/laravel/framework/src/Illuminate/Console/Application.php(93): Symfony\\Component\\Console\\Application->run()
#45 /var/www/html/vendor/laravel/framework/src/Illuminate/Foundation/Console/Kernel.php(129): Illuminate\\Console\\Application->run()
#46 /var/www/html/artisan(37): Illuminate\\Foundation\\Console\\Kernel->handle()
#47 {main}
"} 
[2021-05-09 16:24:33] production.ERROR: Process could not be started [/usr/sbin/sendmail: unrecognized option: b
BusyBox v1.33.0 () multi-call binary.

Usage: sendmail [-tv] [-f SENDER] [-amLOGIN 4<user_pass.txt | -auUSER -apPASS]
		[-w SECS] [-H 'PROG ARGS' | -S HOST] [RECIPIENT_EMAIL]...

Read email from stdin and send it

Standard options:
	-t		Read additional recipients from message body
	-f SENDER	For use in MAIL FROM:<sender>. Can be empty string
			Default: -auUSER, or username of current UID
	-o OPTIONS	Various options. -oi implied, others are ignored
	-i		-oi synonym, implied and ignored

Busybox specific options:
	-v		Verbose
	-w SECS		Network timeout
	-H 'PROG ARGS'	Run connection helper. Examples:
		openssl s_client -quiet -tls1 -starttls smtp -connect smtp.gmail.com:25
		openssl s_client -quiet -tls1 -connect smtp.gmail.com:465
			$SMTP_ANTISPAM_DELAY: seconds to wait after helper connect
	-S HOST[:PORT]	Server (default $SMTPHOST or 127.0.0.1)
	-amLOGIN	Log in using AUTH LOGIN
	-amPLAIN	or AUTH PLAIN
			(-amCRAM-MD5 not supported)
	-auUSER		Username for AUTH
	-apPASS 	Password for AUTH

If no -a options are given, authentication is not done.
If -amLOGIN is given but no -au/-ap, user/password is read from fd #4.
Other options are silently ignored; -oi is implied.
Use makemime to create emails with attachments.
] {"exception":"[object] (Swift_TransportException(code: 0): Process could not be started [/usr/sbin/sendmail: unrecognized option: b
BusyBox v1.33.0 () multi-call binary.

Usage: sendmail [-tv] [-f SENDER] [-amLOGIN 4<user_pass.txt | -auUSER -apPASS]
\t\t[-w SECS] [-H 'PROG ARGS' | -S HOST] [RECIPIENT_EMAIL]...

Read email from stdin and send it

Standard options:
\t-t\t\tRead additional recipients from message body
\t-f SENDER\tFor use in MAIL FROM:<sender>. Can be empty string
\t\t\tDefault: -auUSER, or username of current UID
\t-o OPTIONS\tVarious options. -oi implied, others are ignored
\t-i\t\t-oi synonym, implied and ignored

Busybox specific options:
\t-v\t\tVerbose
\t-w SECS\t\tNetwork timeout
\t-H 'PROG ARGS'\tRun connection helper. Examples:
\t\topenssl s_client -quiet -tls1 -starttls smtp -connect smtp.gmail.com:25
\t\topenssl s_client -quiet -tls1 -connect smtp.gmail.com:465
\t\t\t$SMTP_ANTISPAM_DELAY: seconds to wait after helper connect
\t-S HOST[:PORT]\tServer (default $SMTPHOST or 127.0.0.1)
\t-amLOGIN\tLog in using AUTH LOGIN
\t-amPLAIN\tor AUTH PLAIN
\t\t\t(-amCRAM-MD5 not supported)
\t-auUSER\t\tUsername for AUTH
\t-apPASS \tPassword for AUTH

If no -a options are given, authentication is not done.
If -amLOGIN is given but no -au/-ap, user/password is read from fd #4.
Other options are silently ignored; -oi is implied.
Use makemime to create emails with attachments.
] at /var/www/html/vendor/swiftmailer/swiftmailer/lib/classes/Swift/Transport/StreamBuffer.php:294)
[stacktrace]
#0 /var/www/html/vendor/swiftmailer/swiftmailer/lib/classes/Swift/Transport/StreamBuffer.php(54): Swift_Transport_StreamBuffer->establishProcessConnection()
#1 /var/www/html/vendor/swiftmailer/swiftmailer/lib/classes/Swift/Transport/AbstractSmtpTransport.php(143): Swift_Transport_StreamBuffer->initialize()
#2 /var/www/html/vendor/swiftmailer/swiftmailer/lib/classes/Swift/Transport/SendmailTransport.php(50): Swift_Transport_AbstractSmtpTransport->start()
#3 /var/www/html/vendor/swiftmailer/swiftmailer/lib/classes/Swift/Mailer.php(65): Swift_Transport_SendmailTransport->start()
#4 /var/www/html/vendor/laravel/framework/src/Illuminate/Mail/Mailer.php(521): Swift_Mailer->send()
#5 /var/www/html/vendor/laravel/framework/src/Illuminate/Mail/Mailer.php(288): Illuminate\\Mail\\Mailer->sendSwiftMessage()
#6 /var/www/html/vendor/laravel/framework/src/Illuminate/Notifications/Channels/MailChannel.php(65): Illuminate\\Mail\\Mailer->send()
#7 /var/www/html/vendor/laravel/framework/src/Illuminate/Notifications/NotificationSender.php(148): Illuminate\\Notifications\\Channels\\MailChannel->send()
#8 /var/www/html/vendor/laravel/framework/src/Illuminate/Notifications/NotificationSender.php(106): Illuminate\\Notifications\\NotificationSender->sendToNotifiable()
#9 /var/www/html/vendor/laravel/framework/src/Illuminate/Support/Traits/Localizable.php(19): Illuminate\\Notifications\\NotificationSender->Illuminate\\Notifications\\{closure}()
#10 /var/www/html/vendor/laravel/framework/src/Illuminate/Notifications/NotificationSender.php(109): Illuminate\\Notifications\\NotificationSender->withLocale()
#11 /var/www/html/vendor/laravel/framework/src/Illuminate/Notifications/ChannelManager.php(54): Illuminate\\Notifications\\NotificationSender->sendNow()
#12 /var/www/html/vendor/laravel/framework/src/Illuminate/Notifications/SendQueuedNotifications.php(95): Illuminate\\Notifications\\ChannelManager->sendNow()
#13 /var/www/html/vendor/laravel/framework/src/Illuminate/Container/BoundMethod.php(36): Illuminate\\Notifications\\SendQueuedNotifications->handle()
#14 /var/www/html/vendor/laravel/framework/src/Illuminate/Container/Util.php(40): Illuminate\\Container\\BoundMethod::Illuminate\\Container\\{closure}()
#15 /var/www/html/vendor/laravel/framework/src/Illuminate/Container/BoundMethod.php(93): Illuminate\\Container\\Util::unwrapIfClosure()
#16 /var/www/html/vendor/laravel/framework/src/Illuminate/Container/BoundMethod.php(37): Illuminate\\Container\\BoundMethod::callBoundMethod()
#17 /var/www/html/vendor/laravel/framework/src/Illuminate/Container/Container.php(610): Illuminate\\Container\\BoundMethod::call()
#18 /var/www/html/vendor/laravel/framework/src/Illuminate/Bus/Dispatcher.php(128): Illuminate\\Container\\Container->call()
#19 /var/www/html/vendor/laravel/framework/src/Illuminate/Pipeline/Pipeline.php(128): Illuminate\\Bus\\Dispatcher->Illuminate\\Bus\\{closure}()
#20 /var/www/html/vendor/laravel/framework/src/Illuminate/Pipeline/Pipeline.php(103): Illuminate\\Pipeline\\Pipeline->Illuminate\\Pipeline\\{closure}()
#21 /var/www/html/vendor/laravel/framework/src/Illuminate/Bus/Dispatcher.php(132): Illuminate\\Pipeline\\Pipeline->then()
#22 /var/www/html/vendor/laravel/framework/src/Illuminate/Queue/CallQueuedHandler.php(118): Illuminate\\Bus\\Dispatcher->dispatchNow()
#23 /var/www/html/vendor/laravel/framework/src/Illuminate/Pipeline/Pipeline.php(128): Illuminate\\Queue\\CallQueuedHandler->Illuminate\\Queue\\{closure}()
#24 /var/www/html/vendor/laravel/framework/src/Illuminate/Pipeline/Pipeline.php(103): Illuminate\\Pipeline\\Pipeline->Illuminate\\Pipeline\\{closure}()
#25 /var/www/html/vendor/laravel/framework/src/Illuminate/Queue/CallQueuedHandler.php(120): Illuminate\\Pipeline\\Pipeline->then()
#26 /var/www/html/vendor/laravel/framework/src/Illuminate/Queue/CallQueuedHandler.php(70): Illuminate\\Queue\\CallQueuedHandler->dispatchThroughMiddleware()
#27 /var/www/html/vendor/laravel/framework/src/Illuminate/Queue/Jobs/Job.php(98): Illuminate\\Queue\\CallQueuedHandler->call()
#28 /var/www/html/vendor/laravel/framework/src/Illuminate/Queue/Worker.php(406): Illuminate\\Queue\\Jobs\\Job->fire()
#29 /var/www/html/vendor/laravel/framework/src/Illuminate/Queue/Worker.php(356): Illuminate\\Queue\\Worker->process()
#30 /var/www/html/vendor/laravel/framework/src/Illuminate/Queue/Worker.php(158): Illuminate\\Queue\\Worker->runJob()
#31 /var/www/html/vendor/laravel/framework/src/Illuminate/Queue/Console/WorkCommand.php(116): Illuminate\\Queue\\Worker->daemon()
#32 /var/www/html/vendor/laravel/framework/src/Illuminate/Queue/Console/WorkCommand.php(100): Illuminate\\Queue\\Console\\WorkCommand->runWorker()
#33 /var/www/html/vendor/laravel/framework/src/Illuminate/Container/BoundMethod.php(36): Illuminate\\Queue\\Console\\WorkCommand->handle()
#34 /var/www/html/vendor/laravel/framework/src/Illuminate/Container/Util.php(40): Illuminate\\Container\\BoundMethod::Illuminate\\Container\\{closure}()
#35 /var/www/html/vendor/laravel/framework/src/Illuminate/Container/BoundMethod.php(93): Illuminate\\Container\\Util::unwrapIfClosure()
#36 /var/www/html/vendor/laravel/framework/src/Illuminate/Container/BoundMethod.php(37): Illuminate\\Container\\BoundMethod::callBoundMethod()
#37 /var/www/html/vendor/laravel/framework/src/Illuminate/Container/Container.php(610): Illuminate\\Container\\BoundMethod::call()
#38 /var/www/html/vendor/laravel/framework/src/Illuminate/Console/Command.php(136): Illuminate\\Container\\Container->call()
#39 /var/www/html/vendor/symfony/console/Command/Command.php(255): Illuminate\\Console\\Command->execute()
#40 /var/www/html/vendor/laravel/framework/src/Illuminate/Console/Command.php(121): Symfony\\Component\\Console\\Command\\Command->run()
#41 /var/www/html/vendor/symfony/console/Application.php(971): Illuminate\\Console\\Command->run()
#42 /var/www/html/vendor/symfony/console/Application.php(290): Symfony\\Component\\Console\\Application->doRunCommand()
#43 /var/www/html/vendor/symfony/console/Application.php(166): Symfony\\Component\\Console\\Application->doRun()
#44 /var/www/html/vendor/laravel/framework/src/Illuminate/Console/Application.php(93): Symfony\\Component\\Console\\Application->run()
#45 /var/www/html/vendor/laravel/framework/src/Illuminate/Foundation/Console/Kernel.php(129): Illuminate\\Console\\Application->run()
#46 /var/www/html/artisan(37): Illuminate\\Foundation\\Console\\Kernel->handle()
#47 {main}
"} 
[2021-05-09 16:24:33] production.ERROR: Expected response code 220 but got an empty response {"exception":"[object] (Swift_TransportException(code: 0): Expected response code 220 but got an empty response at /var/www/html/vendor/swiftmailer/swiftmailer/lib/classes/Swift/Transport/AbstractSmtpTransport.php:448)
[stacktrace]
#0 /var/www/html/vendor/swiftmailer/swiftmailer/lib/classes/Swift/Transport/AbstractSmtpTransport.php(361): Swift_Transport_AbstractSmtpTransport->assertResponseCode()
#1 /var/www/html/vendor/swiftmailer/swiftmailer/lib/classes/Swift/Transport/AbstractSmtpTransport.php(147): Swift_Transport_AbstractSmtpTransport->readGreeting()
#2 /var/www/html/vendor/swiftmailer/swiftmailer/lib/classes/Swift/Transport/SendmailTransport.php(50): Swift_Transport_AbstractSmtpTransport->start()
#3 /var/www/html/vendor/swiftmailer/swiftmailer/lib/classes/Swift/Mailer.php(65): Swift_Transport_SendmailTransport->start()
#4 /var/www/html/vendor/laravel/framework/src/Illuminate/Mail/Mailer.php(521): Swift_Mailer->send()
#5 /var/www/html/vendor/laravel/framework/src/Illuminate/Mail/Mailer.php(288): Illuminate\\Mail\\Mailer->sendSwiftMessage()
#6 /var/www/html/vendor/laravel/framework/src/Illuminate/Notifications/Channels/MailChannel.php(65): Illuminate\\Mail\\Mailer->send()
#7 /var/www/html/vendor/laravel/framework/src/Illuminate/Notifications/NotificationSender.php(148): Illuminate\\Notifications\\Channels\\MailChannel->send()
#8 /var/www/html/vendor/laravel/framework/src/Illuminate/Notifications/NotificationSender.php(106): Illuminate\\Notifications\\NotificationSender->sendToNotifiable()
#9 /var/www/html/vendor/laravel/framework/src/Illuminate/Support/Traits/Localizable.php(19): Illuminate\\Notifications\\NotificationSender->Illuminate\\Notifications\\{closure}()
#10 /var/www/html/vendor/laravel/framework/src/Illuminate/Notifications/NotificationSender.php(109): Illuminate\\Notifications\\NotificationSender->withLocale()
#11 /var/www/html/vendor/laravel/framework/src/Illuminate/Notifications/ChannelManager.php(54): Illuminate\\Notifications\\NotificationSender->sendNow()
#12 /var/www/html/vendor/laravel/framework/src/Illuminate/Notifications/SendQueuedNotifications.php(95): Illuminate\\Notifications\\ChannelManager->sendNow()
#13 /var/www/html/vendor/laravel/framework/src/Illuminate/Container/BoundMethod.php(36): Illuminate\\Notifications\\SendQueuedNotifications->handle()
#14 /var/www/html/vendor/laravel/framework/src/Illuminate/Container/Util.php(40): Illuminate\\Container\\BoundMethod::Illuminate\\Container\\{closure}()
#15 /var/www/html/vendor/laravel/framework/src/Illuminate/Container/BoundMethod.php(93): Illuminate\\Container\\Util::unwrapIfClosure()
#16 /var/www/html/vendor/laravel/framework/src/Illuminate/Container/BoundMethod.php(37): Illuminate\\Container\\BoundMethod::callBoundMethod()
#17 /var/www/html/vendor/laravel/framework/src/Illuminate/Container/Container.php(610): Illuminate\\Container\\BoundMethod::call()
#18 /var/www/html/vendor/laravel/framework/src/Illuminate/Bus/Dispatcher.php(128): Illuminate\\Container\\Container->call()
#19 /var/www/html/vendor/laravel/framework/src/Illuminate/Pipeline/Pipeline.php(128): Illuminate\\Bus\\Dispatcher->Illuminate\\Bus\\{closure}()
#20 /var/www/html/vendor/laravel/framework/src/Illuminate/Pipeline/Pipeline.php(103): Illuminate\\Pipeline\\Pipeline->Illuminate\\Pipeline\\{closure}()
#21 /var/www/html/vendor/laravel/framework/src/Illuminate/Bus/Dispatcher.php(132): Illuminate\\Pipeline\\Pipeline->then()
#22 /var/www/html/vendor/laravel/framework/src/Illuminate/Queue/CallQueuedHandler.php(118): Illuminate\\Bus\\Dispatcher->dispatchNow()
#23 /var/www/html/vendor/laravel/framework/src/Illuminate/Pipeline/Pipeline.php(128): Illuminate\\Queue\\CallQueuedHandler->Illuminate\\Queue\\{closure}()
#24 /var/www/html/vendor/laravel/framework/src/Illuminate/Pipeline/Pipeline.php(103): Illuminate\\Pipeline\\Pipeline->Illuminate\\Pipeline\\{closure}()
#25 /var/www/html/vendor/laravel/framework/src/Illuminate/Queue/CallQueuedHandler.php(120): Illuminate\\Pipeline\\Pipeline->then()
#26 /var/www/html/vendor/laravel/framework/src/Illuminate/Queue/CallQueuedHandler.php(70): Illuminate\\Queue\\CallQueuedHandler->dispatchThroughMiddleware()
#27 /var/www/html/vendor/laravel/framework/src/Illuminate/Queue/Jobs/Job.php(98): Illuminate\\Queue\\CallQueuedHandler->call()
#28 /var/www/html/vendor/laravel/framework/src/Illuminate/Queue/Worker.php(406): Illuminate\\Queue\\Jobs\\Job->fire()
#29 /var/www/html/vendor/laravel/framework/src/Illuminate/Queue/Worker.php(356): Illuminate\\Queue\\Worker->process()
#30 /var/www/html/vendor/laravel/framework/src/Illuminate/Queue/Worker.php(158): Illuminate\\Queue\\Worker->runJob()
#31 /var/www/html/vendor/laravel/framework/src/Illuminate/Queue/Console/WorkCommand.php(116): Illuminate\\Queue\\Worker->daemon()
#32 /var/www/html/vendor/laravel/framework/src/Illuminate/Queue/Console/WorkCommand.php(100): Illuminate\\Queue\\Console\\WorkCommand->runWorker()
#33 /var/www/html/vendor/laravel/framework/src/Illuminate/Container/BoundMethod.php(36): Illuminate\\Queue\\Console\\WorkCommand->handle()
#34 /var/www/html/vendor/laravel/framework/src/Illuminate/Container/Util.php(40): Illuminate\\Container\\BoundMethod::Illuminate\\Container\\{closure}()
#35 /var/www/html/vendor/laravel/framework/src/Illuminate/Container/BoundMethod.php(93): Illuminate\\Container\\Util::unwrapIfClosure()
#36 /var/www/html/vendor/laravel/framework/src/Illuminate/Container/BoundMethod.php(37): Illuminate\\Container\\BoundMethod::callBoundMethod()
#37 /var/www/html/vendor/laravel/framework/src/Illuminate/Container/Container.php(610): Illuminate\\Container\\BoundMethod::call()
#38 /var/www/html/vendor/laravel/framework/src/Illuminate/Console/Command.php(136): Illuminate\\Container\\Container->call()
#39 /var/www/html/vendor/symfony/console/Command/Command.php(255): Illuminate\\Console\\Command->execute()
#40 /var/www/html/vendor/laravel/framework/src/Illuminate/Console/Command.php(121): Symfony\\Component\\Console\\Command\\Command->run()
#41 /var/www/html/vendor/symfony/console/Application.php(971): Illuminate\\Console\\Command->run()
#42 /var/www/html/vendor/symfony/console/Application.php(290): Symfony\\Component\\Console\\Application->doRunCommand()
#43 /var/www/html/vendor/symfony/console/Application.php(166): Symfony\\Component\\Console\\Application->doRun()
#44 /var/www/html/vendor/laravel/framework/src/Illuminate/Console/Application.php(93): Symfony\\Component\\Console\\Application->run()
#45 /var/www/html/vendor/laravel/framework/src/Illuminate/Foundation/Console/Kernel.php(129): Illuminate\\Console\\Application->run()
#46 /var/www/html/artisan(37): Illuminate\\Foundation\\Console\\Kernel->handle()
#47 {main}
"} 
[2021-05-09 16:36:10] production.ERROR: Expected response code 220 but got an empty response {"exception":"[object] (Swift_TransportException(code: 0): Expected response code 220 but got an empty response at /var/www/html/vendor/swiftmailer/swiftmailer/lib/classes/Swift/Transport/AbstractSmtpTransport.php:448)
[stacktrace]
#0 /var/www/html/vendor/swiftmailer/swiftmailer/lib/classes/Swift/Transport/AbstractSmtpTransport.php(361): Swift_Transport_AbstractSmtpTransport->assertResponseCode()
#1 /var/www/html/vendor/swiftmailer/swiftmailer/lib/classes/Swift/Transport/AbstractSmtpTransport.php(147): Swift_Transport_AbstractSmtpTransport->readGreeting()
#2 /var/www/html/vendor/swiftmailer/swiftmailer/lib/classes/Swift/Transport/SendmailTransport.php(50): Swift_Transport_AbstractSmtpTransport->start()
#3 /var/www/html/vendor/swiftmailer/swiftmailer/lib/classes/Swift/Mailer.php(65): Swift_Transport_SendmailTransport->start()
#4 /var/www/html/vendor/laravel/framework/src/Illuminate/Mail/Mailer.php(521): Swift_Mailer->send()
#5 /var/www/html/vendor/laravel/framework/src/Illuminate/Mail/Mailer.php(288): Illuminate\\Mail\\Mailer->sendSwiftMessage()
#6 /var/www/html/vendor/laravel/framework/src/Illuminate/Notifications/Channels/MailChannel.php(65): Illuminate\\Mail\\Mailer->send()
#7 /var/www/html/vendor/laravel/framework/src/Illuminate/Notifications/NotificationSender.php(148): Illuminate\\Notifications\\Channels\\MailChannel->send()
#8 /var/www/html/vendor/laravel/framework/src/Illuminate/Notifications/NotificationSender.php(106): Illuminate\\Notifications\\NotificationSender->sendToNotifiable()
#9 /var/www/html/vendor/laravel/framework/src/Illuminate/Support/Traits/Localizable.php(19): Illuminate\\Notifications\\NotificationSender->Illuminate\\Notifications\\{closure}()
#10 /var/www/html/vendor/laravel/framework/src/Illuminate/Notifications/NotificationSender.php(109): Illuminate\\Notifications\\NotificationSender->withLocale()
#11 /var/www/html/vendor/laravel/framework/src/Illuminate/Notifications/ChannelManager.php(54): Illuminate\\Notifications\\NotificationSender->sendNow()
#12 /var/www/html/app/Notifications/ServerInstalled.php(43): Illuminate\\Notifications\\ChannelManager->sendNow()
#13 /var/www/html/vendor/laravel/framework/src/Illuminate/Events/CallQueuedListener.php(93): Pterodactyl\\Notifications\\ServerInstalled->handle()
#14 /var/www/html/vendor/laravel/framework/src/Illuminate/Container/BoundMethod.php(36): Illuminate\\Events\\CallQueuedListener->handle()
#15 /var/www/html/vendor/laravel/framework/src/Illuminate/Container/Util.php(40): Illuminate\\Container\\BoundMethod::Illuminate\\Container\\{closure}()
#16 /var/www/html/vendor/laravel/framework/src/Illuminate/Container/BoundMethod.php(93): Illuminate\\Container\\Util::unwrapIfClosure()
#17 /var/www/html/vendor/laravel/framework/src/Illuminate/Container/BoundMethod.php(37): Illuminate\\Container\\BoundMethod::callBoundMethod()
#18 /var/www/html/vendor/laravel/framework/src/Illuminate/Container/Container.php(610): Illuminate\\Container\\BoundMethod::call()
#19 /var/www/html/vendor/laravel/framework/src/Illuminate/Bus/Dispatcher.php(128): Illuminate\\Container\\Container->call()
#20 /var/www/html/vendor/laravel/framework/src/Illuminate/Pipeline/Pipeline.php(128): Illuminate\\Bus\\Dispatcher->Illuminate\\Bus\\{closure}()
#21 /var/www/html/vendor/laravel/framework/src/Illuminate/Pipeline/Pipeline.php(103): Illuminate\\Pipeline\\Pipeline->Illuminate\\Pipeline\\{closure}()
#22 /var/www/html/vendor/laravel/framework/src/Illuminate/Bus/Dispatcher.php(132): Illuminate\\Pipeline\\Pipeline->then()
#23 /var/www/html/vendor/laravel/framework/src/Illuminate/Queue/CallQueuedHandler.php(118): Illuminate\\Bus\\Dispatcher->dispatchNow()
#24 /var/www/html/vendor/laravel/framework/src/Illuminate/Pipeline/Pipeline.php(128): Illuminate\\Queue\\CallQueuedHandler->Illuminate\\Queue\\{closure}()
#25 /var/www/html/vendor/laravel/framework/src/Illuminate/Pipeline/Pipeline.php(103): Illuminate\\Pipeline\\Pipeline->Illuminate\\Pipeline\\{closure}()
#26 /var/www/html/vendor/laravel/framework/src/Illuminate/Queue/CallQueuedHandler.php(120): Illuminate\\Pipeline\\Pipeline->then()
#27 /var/www/html/vendor/laravel/framework/src/Illuminate/Queue/CallQueuedHandler.php(70): Illuminate\\Queue\\CallQueuedHandler->dispatchThroughMiddleware()
#28 /var/www/html/vendor/laravel/framework/src/Illuminate/Queue/Jobs/Job.php(98): Illuminate\\Queue\\CallQueuedHandler->call()
#29 /var/www/html/vendor/laravel/framework/src/Illuminate/Queue/Worker.php(406): Illuminate\\Queue\\Jobs\\Job->fire()
#30 /var/www/html/vendor/laravel/framework/src/Illuminate/Queue/Worker.php(356): Illuminate\\Queue\\Worker->process()
#31 /var/www/html/vendor/laravel/framework/src/Illuminate/Queue/Worker.php(158): Illuminate\\Queue\\Worker->runJob()
#32 /var/www/html/vendor/laravel/framework/src/Illuminate/Queue/Console/WorkCommand.php(116): Illuminate\\Queue\\Worker->daemon()
#33 /var/www/html/vendor/laravel/framework/src/Illuminate/Queue/Console/WorkCommand.php(100): Illuminate\\Queue\\Console\\WorkCommand->runWorker()
#34 /var/www/html/vendor/laravel/framework/src/Illuminate/Container/BoundMethod.php(36): Illuminate\\Queue\\Console\\WorkCommand->handle()
#35 /var/www/html/vendor/laravel/framework/src/Illuminate/Container/Util.php(40): Illuminate\\Container\\BoundMethod::Illuminate\\Container\\{closure}()
#36 /var/www/html/vendor/laravel/framework/src/Illuminate/Container/BoundMethod.php(93): Illuminate\\Container\\Util::unwrapIfClosure()
#37 /var/www/html/vendor/laravel/framework/src/Illuminate/Container/BoundMethod.php(37): Illuminate\\Container\\BoundMethod::callBoundMethod()
#38 /var/www/html/vendor/laravel/framework/src/Illuminate/Container/Container.php(610): Illuminate\\Container\\BoundMethod::call()
#39 /var/www/html/vendor/laravel/framework/src/Illuminate/Console/Command.php(136): Illuminate\\Container\\Container->call()
#40 /var/www/html/vendor/symfony/console/Command/Command.php(255): Illuminate\\Console\\Command->execute()
#41 /var/www/html/vendor/laravel/framework/src/Illuminate/Console/Command.php(121): Symfony\\Component\\Console\\Command\\Command->run()
#42 /var/www/html/vendor/symfony/console/Application.php(971): Illuminate\\Console\\Command->run()
#43 /var/www/html/vendor/symfony/console/Application.php(290): Symfony\\Component\\Console\\Application->doRunCommand()
#44 /var/www/html/vendor/symfony/console/Application.php(166): Symfony\\Component\\Console\\Application->doRun()
#45 /var/www/html/vendor/laravel/framework/src/Illuminate/Console/Application.php(93): Symfony\\Component\\Console\\Application->run()
#46 /var/www/html/vendor/laravel/framework/src/Illuminate/Foundation/Console/Kernel.php(129): Illuminate\\Console\\Application->run()
#47 /var/www/html/artisan(37): Illuminate\\Foundation\\Console\\Kernel->handle()
#48 {main}
"} 
[2021-05-09 16:36:10] production.ERROR: Expected response code 220 but got an empty response {"exception":"[object] (Swift_TransportException(code: 0): Expected response code 220 but got an empty response at /var/www/html/vendor/swiftmailer/swiftmailer/lib/classes/Swift/Transport/AbstractSmtpTransport.php:448)
[stacktrace]
#0 /var/www/html/vendor/swiftmailer/swiftmailer/lib/classes/Swift/Transport/AbstractSmtpTransport.php(361): Swift_Transport_AbstractSmtpTransport->assertResponseCode()
#1 /var/www/html/vendor/swiftmailer/swiftmailer/lib/classes/Swift/Transport/AbstractSmtpTransport.php(147): Swift_Transport_AbstractSmtpTransport->readGreeting()
#2 /var/www/html/vendor/swiftmailer/swiftmailer/lib/classes/Swift/Transport/SendmailTransport.php(50): Swift_Transport_AbstractSmtpTransport->start()
#3 /var/www/html/vendor/swiftmailer/swiftmailer/lib/classes/Swift/Mailer.php(65): Swift_Transport_SendmailTransport->start()
#4 /var/www/html/vendor/laravel/framework/src/Illuminate/Mail/Mailer.php(521): Swift_Mailer->send()
#5 /var/www/html/vendor/laravel/framework/src/Illuminate/Mail/Mailer.php(288): Illuminate\\Mail\\Mailer->sendSwiftMessage()
#6 /var/www/html/vendor/laravel/framework/src/Illuminate/Notifications/Channels/MailChannel.php(65): Illuminate\\Mail\\Mailer->send()
#7 /var/www/html/vendor/laravel/framework/src/Illuminate/Notifications/NotificationSender.php(148): Illuminate\\Notifications\\Channels\\MailChannel->send()
#8 /var/www/html/vendor/laravel/framework/src/Illuminate/Notifications/NotificationSender.php(106): Illuminate\\Notifications\\NotificationSender->sendToNotifiable()
#9 /var/www/html/vendor/laravel/framework/src/Illuminate/Support/Traits/Localizable.php(19): Illuminate\\Notifications\\NotificationSender->Illuminate\\Notifications\\{closure}()
#10 /var/www/html/vendor/laravel/framework/src/Illuminate/Notifications/NotificationSender.php(109): Illuminate\\Notifications\\NotificationSender->withLocale()
#11 /var/www/html/vendor/laravel/framework/src/Illuminate/Notifications/ChannelManager.php(54): Illuminate\\Notifications\\NotificationSender->sendNow()
#12 /var/www/html/app/Notifications/ServerInstalled.php(43): Illuminate\\Notifications\\ChannelManager->sendNow()
#13 /var/www/html/vendor/laravel/framework/src/Illuminate/Events/CallQueuedListener.php(93): Pterodactyl\\Notifications\\ServerInstalled->handle()
#14 /var/www/html/vendor/laravel/framework/src/Illuminate/Container/BoundMethod.php(36): Illuminate\\Events\\CallQueuedListener->handle()
#15 /var/www/html/vendor/laravel/framework/src/Illuminate/Container/Util.php(40): Illuminate\\Container\\BoundMethod::Illuminate\\Container\\{closure}()
#16 /var/www/html/vendor/laravel/framework/src/Illuminate/Container/BoundMethod.php(93): Illuminate\\Container\\Util::unwrapIfClosure()
#17 /var/www/html/vendor/laravel/framework/src/Illuminate/Container/BoundMethod.php(37): Illuminate\\Container\\BoundMethod::callBoundMethod()
#18 /var/www/html/vendor/laravel/framework/src/Illuminate/Container/Container.php(610): Illuminate\\Container\\BoundMethod::call()
#19 /var/www/html/vendor/laravel/framework/src/Illuminate/Bus/Dispatcher.php(128): Illuminate\\Container\\Container->call()
#20 /var/www/html/vendor/laravel/framework/src/Illuminate/Pipeline/Pipeline.php(128): Illuminate\\Bus\\Dispatcher->Illuminate\\Bus\\{closure}()
#21 /var/www/html/vendor/laravel/framework/src/Illuminate/Pipeline/Pipeline.php(103): Illuminate\\Pipeline\\Pipeline->Illuminate\\Pipeline\\{closure}()
#22 /var/www/html/vendor/laravel/framework/src/Illuminate/Bus/Dispatcher.php(132): Illuminate\\Pipeline\\Pipeline->then()
#23 /var/www/html/vendor/laravel/framework/src/Illuminate/Queue/CallQueuedHandler.php(118): Illuminate\\Bus\\Dispatcher->dispatchNow()
#24 /var/www/html/vendor/laravel/framework/src/Illuminate/Pipeline/Pipeline.php(128): Illuminate\\Queue\\CallQueuedHandler->Illuminate\\Queue\\{closure}()
#25 /var/www/html/vendor/laravel/framework/src/Illuminate/Pipeline/Pipeline.php(103): Illuminate\\Pipeline\\Pipeline->Illuminate\\Pipeline\\{closure}()
#26 /var/www/html/vendor/laravel/framework/src/Illuminate/Queue/CallQueuedHandler.php(120): Illuminate\\Pipeline\\Pipeline->then()
#27 /var/www/html/vendor/laravel/framework/src/Illuminate/Queue/CallQueuedHandler.php(70): Illuminate\\Queue\\CallQueuedHandler->dispatchThroughMiddleware()
#28 /var/www/html/vendor/laravel/framework/src/Illuminate/Queue/Jobs/Job.php(98): Illuminate\\Queue\\CallQueuedHandler->call()
#29 /var/www/html/vendor/laravel/framework/src/Illuminate/Queue/Worker.php(406): Illuminate\\Queue\\Jobs\\Job->fire()
#30 /var/www/html/vendor/laravel/framework/src/Illuminate/Queue/Worker.php(356): Illuminate\\Queue\\Worker->process()
#31 /var/www/html/vendor/laravel/framework/src/Illuminate/Queue/Worker.php(158): Illuminate\\Queue\\Worker->runJob()
#32 /var/www/html/vendor/laravel/framework/src/Illuminate/Queue/Console/WorkCommand.php(116): Illuminate\\Queue\\Worker->daemon()
#33 /var/www/html/vendor/laravel/framework/src/Illuminate/Queue/Console/WorkCommand.php(100): Illuminate\\Queue\\Console\\WorkCommand->runWorker()
#34 /var/www/html/vendor/laravel/framework/src/Illuminate/Container/BoundMethod.php(36): Illuminate\\Queue\\Console\\WorkCommand->handle()
#35 /var/www/html/vendor/laravel/framework/src/Illuminate/Container/Util.php(40): Illuminate\\Container\\BoundMethod::Illuminate\\Container\\{closure}()
#36 /var/www/html/vendor/laravel/framework/src/Illuminate/Container/BoundMethod.php(93): Illuminate\\Container\\Util::unwrapIfClosure()
#37 /var/www/html/vendor/laravel/framework/src/Illuminate/Container/BoundMethod.php(37): Illuminate\\Container\\BoundMethod::callBoundMethod()
#38 /var/www/html/vendor/laravel/framework/src/Illuminate/Container/Container.php(610): Illuminate\\Container\\BoundMethod::call()
#39 /var/www/html/vendor/laravel/framework/src/Illuminate/Console/Command.php(136): Illuminate\\Container\\Container->call()
#40 /var/www/html/vendor/symfony/console/Command/Command.php(255): Illuminate\\Console\\Command->execute()
#41 /var/www/html/vendor/laravel/framework/src/Illuminate/Console/Command.php(121): Symfony\\Component\\Console\\Command\\Command->run()
#42 /var/www/html/vendor/symfony/console/Application.php(971): Illuminate\\Console\\Command->run()
#43 /var/www/html/vendor/symfony/console/Application.php(290): Symfony\\Component\\Console\\Application->doRunCommand()
#44 /var/www/html/vendor/symfony/console/Application.php(166): Symfony\\Component\\Console\\Application->doRun()
#45 /var/www/html/vendor/laravel/framework/src/Illuminate/Console/Application.php(93): Symfony\\Component\\Console\\Application->run()
#46 /var/www/html/vendor/laravel/framework/src/Illuminate/Foundation/Console/Kernel.php(129): Illuminate\\Console\\Application->run()
#47 /var/www/html/artisan(37): Illuminate\\Foundation\\Console\\Kernel->handle()
#48 {main}
"} 
[2021-05-09 16:36:10] production.ERROR: Expected response code 220 but got an empty response {"exception":"[object] (Swift_TransportException(code: 0): Expected response code 220 but got an empty response at /var/www/html/vendor/swiftmailer/swiftmailer/lib/classes/Swift/Transport/AbstractSmtpTransport.php:448)
[stacktrace]
#0 /var/www/html/vendor/swiftmailer/swiftmailer/lib/classes/Swift/Transport/AbstractSmtpTransport.php(361): Swift_Transport_AbstractSmtpTransport->assertResponseCode()
#1 /var/www/html/vendor/swiftmailer/swiftmailer/lib/classes/Swift/Transport/AbstractSmtpTransport.php(147): Swift_Transport_AbstractSmtpTransport->readGreeting()
#2 /var/www/html/vendor/swiftmailer/swiftmailer/lib/classes/Swift/Transport/SendmailTransport.php(50): Swift_Transport_AbstractSmtpTransport->start()
#3 /var/www/html/vendor/swiftmailer/swiftmailer/lib/classes/Swift/Mailer.php(65): Swift_Transport_SendmailTransport->start()
#4 /var/www/html/vendor/laravel/framework/src/Illuminate/Mail/Mailer.php(521): Swift_Mailer->send()
#5 /var/www/html/vendor/laravel/framework/src/Illuminate/Mail/Mailer.php(288): Illuminate\\Mail\\Mailer->sendSwiftMessage()
#6 /var/www/html/vendor/laravel/framework/src/Illuminate/Notifications/Channels/MailChannel.php(65): Illuminate\\Mail\\Mailer->send()
#7 /var/www/html/vendor/laravel/framework/src/Illuminate/Notifications/NotificationSender.php(148): Illuminate\\Notifications\\Channels\\MailChannel->send()
#8 /var/www/html/vendor/laravel/framework/src/Illuminate/Notifications/NotificationSender.php(106): Illuminate\\Notifications\\NotificationSender->sendToNotifiable()
#9 /var/www/html/vendor/laravel/framework/src/Illuminate/Support/Traits/Localizable.php(19): Illuminate\\Notifications\\NotificationSender->Illuminate\\Notifications\\{closure}()
#10 /var/www/html/vendor/laravel/framework/src/Illuminate/Notifications/NotificationSender.php(109): Illuminate\\Notifications\\NotificationSender->withLocale()
#11 /var/www/html/vendor/laravel/framework/src/Illuminate/Notifications/ChannelManager.php(54): Illuminate\\Notifications\\NotificationSender->sendNow()
#12 /var/www/html/app/Notifications/ServerInstalled.php(43): Illuminate\\Notifications\\ChannelManager->sendNow()
#13 /var/www/html/vendor/laravel/framework/src/Illuminate/Events/CallQueuedListener.php(93): Pterodactyl\\Notifications\\ServerInstalled->handle()
#14 /var/www/html/vendor/laravel/framework/src/Illuminate/Container/BoundMethod.php(36): Illuminate\\Events\\CallQueuedListener->handle()
#15 /var/www/html/vendor/laravel/framework/src/Illuminate/Container/Util.php(40): Illuminate\\Container\\BoundMethod::Illuminate\\Container\\{closure}()
#16 /var/www/html/vendor/laravel/framework/src/Illuminate/Container/BoundMethod.php(93): Illuminate\\Container\\Util::unwrapIfClosure()
#17 /var/www/html/vendor/laravel/framework/src/Illuminate/Container/BoundMethod.php(37): Illuminate\\Container\\BoundMethod::callBoundMethod()
#18 /var/www/html/vendor/laravel/framework/src/Illuminate/Container/Container.php(610): Illuminate\\Container\\BoundMethod::call()
#19 /var/www/html/vendor/laravel/framework/src/Illuminate/Bus/Dispatcher.php(128): Illuminate\\Container\\Container->call()
#20 /var/www/html/vendor/laravel/framework/src/Illuminate/Pipeline/Pipeline.php(128): Illuminate\\Bus\\Dispatcher->Illuminate\\Bus\\{closure}()
#21 /var/www/html/vendor/laravel/framework/src/Illuminate/Pipeline/Pipeline.php(103): Illuminate\\Pipeline\\Pipeline->Illuminate\\Pipeline\\{closure}()
#22 /var/www/html/vendor/laravel/framework/src/Illuminate/Bus/Dispatcher.php(132): Illuminate\\Pipeline\\Pipeline->then()
#23 /var/www/html/vendor/laravel/framework/src/Illuminate/Queue/CallQueuedHandler.php(118): Illuminate\\Bus\\Dispatcher->dispatchNow()
#24 /var/www/html/vendor/laravel/framework/src/Illuminate/Pipeline/Pipeline.php(128): Illuminate\\Queue\\CallQueuedHandler->Illuminate\\Queue\\{closure}()
#25 /var/www/html/vendor/laravel/framework/src/Illuminate/Pipeline/Pipeline.php(103): Illuminate\\Pipeline\\Pipeline->Illuminate\\Pipeline\\{closure}()
#26 /var/www/html/vendor/laravel/framework/src/Illuminate/Queue/CallQueuedHandler.php(120): Illuminate\\Pipeline\\Pipeline->then()
#27 /var/www/html/vendor/laravel/framework/src/Illuminate/Queue/CallQueuedHandler.php(70): Illuminate\\Queue\\CallQueuedHandler->dispatchThroughMiddleware()
#28 /var/www/html/vendor/laravel/framework/src/Illuminate/Queue/Jobs/Job.php(98): Illuminate\\Queue\\CallQueuedHandler->call()
#29 /var/www/html/vendor/laravel/framework/src/Illuminate/Queue/Worker.php(406): Illuminate\\Queue\\Jobs\\Job->fire()
#30 /var/www/html/vendor/laravel/framework/src/Illuminate/Queue/Worker.php(356): Illuminate\\Queue\\Worker->process()
#31 /var/www/html/vendor/laravel/framework/src/Illuminate/Queue/Worker.php(158): Illuminate\\Queue\\Worker->runJob()
#32 /var/www/html/vendor/laravel/framework/src/Illuminate/Queue/Console/WorkCommand.php(116): Illuminate\\Queue\\Worker->daemon()
#33 /var/www/html/vendor/laravel/framework/src/Illuminate/Queue/Console/WorkCommand.php(100): Illuminate\\Queue\\Console\\WorkCommand->runWorker()
#34 /var/www/html/vendor/laravel/framework/src/Illuminate/Container/BoundMethod.php(36): Illuminate\\Queue\\Console\\WorkCommand->handle()
#35 /var/www/html/vendor/laravel/framework/src/Illuminate/Container/Util.php(40): Illuminate\\Container\\BoundMethod::Illuminate\\Container\\{closure}()
#36 /var/www/html/vendor/laravel/framework/src/Illuminate/Container/BoundMethod.php(93): Illuminate\\Container\\Util::unwrapIfClosure()
#37 /var/www/html/vendor/laravel/framework/src/Illuminate/Container/BoundMethod.php(37): Illuminate\\Container\\BoundMethod::callBoundMethod()
#38 /var/www/html/vendor/laravel/framework/src/Illuminate/Container/Container.php(610): Illuminate\\Container\\BoundMethod::call()
#39 /var/www/html/vendor/laravel/framework/src/Illuminate/Console/Command.php(136): Illuminate\\Container\\Container->call()
#40 /var/www/html/vendor/symfony/console/Command/Command.php(255): Illuminate\\Console\\Command->execute()
#41 /var/www/html/vendor/laravel/framework/src/Illuminate/Console/Command.php(121): Symfony\\Component\\Console\\Command\\Command->run()
#42 /var/www/html/vendor/symfony/console/Application.php(971): Illuminate\\Console\\Command->run()
#43 /var/www/html/vendor/symfony/console/Application.php(290): Symfony\\Component\\Console\\Application->doRunCommand()
#44 /var/www/html/vendor/symfony/console/Application.php(166): Symfony\\Component\\Console\\Application->doRun()
#45 /var/www/html/vendor/laravel/framework/src/Illuminate/Console/Application.php(93): Symfony\\Component\\Console\\Application->run()
#46 /var/www/html/vendor/laravel/framework/src/Illuminate/Foundation/Console/Kernel.php(129): Illuminate\\Console\\Application->run()
#47 /var/www/html/artisan(37): Illuminate\\Foundation\\Console\\Kernel->handle()
#48 {main}
"} 
[2021-05-09 16:37:37] production.ERROR: Expected response code 220 but got an empty response {"exception":"[object] (Swift_TransportException(code: 0): Expected response code 220 but got an empty response at /var/www/html/vendor/swiftmailer/swiftmailer/lib/classes/Swift/Transport/AbstractSmtpTransport.php:448)
[stacktrace]
#0 /var/www/html/vendor/swiftmailer/swiftmailer/lib/classes/Swift/Transport/AbstractSmtpTransport.php(361): Swift_Transport_AbstractSmtpTransport->assertResponseCode()
#1 /var/www/html/vendor/swiftmailer/swiftmailer/lib/classes/Swift/Transport/AbstractSmtpTransport.php(147): Swift_Transport_AbstractSmtpTransport->readGreeting()
#2 /var/www/html/vendor/swiftmailer/swiftmailer/lib/classes/Swift/Transport/SendmailTransport.php(50): Swift_Transport_AbstractSmtpTransport->start()
#3 /var/www/html/vendor/swiftmailer/swiftmailer/lib/classes/Swift/Mailer.php(65): Swift_Transport_SendmailTransport->start()
#4 /var/www/html/vendor/laravel/framework/src/Illuminate/Mail/Mailer.php(521): Swift_Mailer->send()
#5 /var/www/html/vendor/laravel/framework/src/Illuminate/Mail/Mailer.php(288): Illuminate\\Mail\\Mailer->sendSwiftMessage()
#6 /var/www/html/vendor/laravel/framework/src/Illuminate/Notifications/Channels/MailChannel.php(65): Illuminate\\Mail\\Mailer->send()
#7 /var/www/html/vendor/laravel/framework/src/Illuminate/Notifications/NotificationSender.php(148): Illuminate\\Notifications\\Channels\\MailChannel->send()
#8 /var/www/html/vendor/laravel/framework/src/Illuminate/Notifications/NotificationSender.php(106): Illuminate\\Notifications\\NotificationSender->sendToNotifiable()
#9 /var/www/html/vendor/laravel/framework/src/Illuminate/Support/Traits/Localizable.php(19): Illuminate\\Notifications\\NotificationSender->Illuminate\\Notifications\\{closure}()
#10 /var/www/html/vendor/laravel/framework/src/Illuminate/Notifications/NotificationSender.php(109): Illuminate\\Notifications\\NotificationSender->withLocale()
#11 /var/www/html/vendor/laravel/framework/src/Illuminate/Notifications/ChannelManager.php(54): Illuminate\\Notifications\\NotificationSender->sendNow()
#12 /var/www/html/app/Notifications/ServerInstalled.php(43): Illuminate\\Notifications\\ChannelManager->sendNow()
#13 /var/www/html/vendor/laravel/framework/src/Illuminate/Events/CallQueuedListener.php(93): Pterodactyl\\Notifications\\ServerInstalled->handle()
#14 /var/www/html/vendor/laravel/framework/src/Illuminate/Container/BoundMethod.php(36): Illuminate\\Events\\CallQueuedListener->handle()
#15 /var/www/html/vendor/laravel/framework/src/Illuminate/Container/Util.php(40): Illuminate\\Container\\BoundMethod::Illuminate\\Container\\{closure}()
#16 /var/www/html/vendor/laravel/framework/src/Illuminate/Container/BoundMethod.php(93): Illuminate\\Container\\Util::unwrapIfClosure()
#17 /var/www/html/vendor/laravel/framework/src/Illuminate/Container/BoundMethod.php(37): Illuminate\\Container\\BoundMethod::callBoundMethod()
#18 /var/www/html/vendor/laravel/framework/src/Illuminate/Container/Container.php(610): Illuminate\\Container\\BoundMethod::call()
#19 /var/www/html/vendor/laravel/framework/src/Illuminate/Bus/Dispatcher.php(128): Illuminate\\Container\\Container->call()
#20 /var/www/html/vendor/laravel/framework/src/Illuminate/Pipeline/Pipeline.php(128): Illuminate\\Bus\\Dispatcher->Illuminate\\Bus\\{closure}()
#21 /var/www/html/vendor/laravel/framework/src/Illuminate/Pipeline/Pipeline.php(103): Illuminate\\Pipeline\\Pipeline->Illuminate\\Pipeline\\{closure}()
#22 /var/www/html/vendor/laravel/framework/src/Illuminate/Bus/Dispatcher.php(132): Illuminate\\Pipeline\\Pipeline->then()
#23 /var/www/html/vendor/laravel/framework/src/Illuminate/Queue/CallQueuedHandler.php(118): Illuminate\\Bus\\Dispatcher->dispatchNow()
#24 /var/www/html/vendor/laravel/framework/src/Illuminate/Pipeline/Pipeline.php(128): Illuminate\\Queue\\CallQueuedHandler->Illuminate\\Queue\\{closure}()
#25 /var/www/html/vendor/laravel/framework/src/Illuminate/Pipeline/Pipeline.php(103): Illuminate\\Pipeline\\Pipeline->Illuminate\\Pipeline\\{closure}()
#26 /var/www/html/vendor/laravel/framework/src/Illuminate/Queue/CallQueuedHandler.php(120): Illuminate\\Pipeline\\Pipeline->then()
#27 /var/www/html/vendor/laravel/framework/src/Illuminate/Queue/CallQueuedHandler.php(70): Illuminate\\Queue\\CallQueuedHandler->dispatchThroughMiddleware()
#28 /var/www/html/vendor/laravel/framework/src/Illuminate/Queue/Jobs/Job.php(98): Illuminate\\Queue\\CallQueuedHandler->call()
#29 /var/www/html/vendor/laravel/framework/src/Illuminate/Queue/Worker.php(406): Illuminate\\Queue\\Jobs\\Job->fire()
#30 /var/www/html/vendor/laravel/framework/src/Illuminate/Queue/Worker.php(356): Illuminate\\Queue\\Worker->process()
#31 /var/www/html/vendor/laravel/framework/src/Illuminate/Queue/Worker.php(158): Illuminate\\Queue\\Worker->runJob()
#32 /var/www/html/vendor/laravel/framework/src/Illuminate/Queue/Console/WorkCommand.php(116): Illuminate\\Queue\\Worker->daemon()
#33 /var/www/html/vendor/laravel/framework/src/Illuminate/Queue/Console/WorkCommand.php(100): Illuminate\\Queue\\Console\\WorkCommand->runWorker()
#34 /var/www/html/vendor/laravel/framework/src/Illuminate/Container/BoundMethod.php(36): Illuminate\\Queue\\Console\\WorkCommand->handle()
#35 /var/www/html/vendor/laravel/framework/src/Illuminate/Container/Util.php(40): Illuminate\\Container\\BoundMethod::Illuminate\\Container\\{closure}()
#36 /var/www/html/vendor/laravel/framework/src/Illuminate/Container/BoundMethod.php(93): Illuminate\\Container\\Util::unwrapIfClosure()
#37 /var/www/html/vendor/laravel/framework/src/Illuminate/Container/BoundMethod.php(37): Illuminate\\Container\\BoundMethod::callBoundMethod()
#38 /var/www/html/vendor/laravel/framework/src/Illuminate/Container/Container.php(610): Illuminate\\Container\\BoundMethod::call()
#39 /var/www/html/vendor/laravel/framework/src/Illuminate/Console/Command.php(136): Illuminate\\Container\\Container->call()
#40 /var/www/html/vendor/symfony/console/Command/Command.php(255): Illuminate\\Console\\Command->execute()
#41 /var/www/html/vendor/laravel/framework/src/Illuminate/Console/Command.php(121): Symfony\\Component\\Console\\Command\\Command->run()
#42 /var/www/html/vendor/symfony/console/Application.php(971): Illuminate\\Console\\Command->run()
#43 /var/www/html/vendor/symfony/console/Application.php(290): Symfony\\Component\\Console\\Application->doRunCommand()
#44 /var/www/html/vendor/symfony/console/Application.php(166): Symfony\\Component\\Console\\Application->doRun()
#45 /var/www/html/vendor/laravel/framework/src/Illuminate/Console/Application.php(93): Symfony\\Component\\Console\\Application->run()
#46 /var/www/html/vendor/laravel/framework/src/Illuminate/Foundation/Console/Kernel.php(129): Illuminate\\Console\\Application->run()
#47 /var/www/html/artisan(37): Illuminate\\Foundation\\Console\\Kernel->handle()
#48 {main}
"} 
[2021-05-09 16:37:37] production.ERROR: Expected response code 220 but got an empty response {"exception":"[object] (Swift_TransportException(code: 0): Expected response code 220 but got an empty response at /var/www/html/vendor/swiftmailer/swiftmailer/lib/classes/Swift/Transport/AbstractSmtpTransport.php:448)
[stacktrace]
#0 /var/www/html/vendor/swiftmailer/swiftmailer/lib/classes/Swift/Transport/AbstractSmtpTransport.php(361): Swift_Transport_AbstractSmtpTransport->assertResponseCode()
#1 /var/www/html/vendor/swiftmailer/swiftmailer/lib/classes/Swift/Transport/AbstractSmtpTransport.php(147): Swift_Transport_AbstractSmtpTransport->readGreeting()
#2 /var/www/html/vendor/swiftmailer/swiftmailer/lib/classes/Swift/Transport/SendmailTransport.php(50): Swift_Transport_AbstractSmtpTransport->start()
#3 /var/www/html/vendor/swiftmailer/swiftmailer/lib/classes/Swift/Mailer.php(65): Swift_Transport_SendmailTransport->start()
#4 /var/www/html/vendor/laravel/framework/src/Illuminate/Mail/Mailer.php(521): Swift_Mailer->send()
#5 /var/www/html/vendor/laravel/framework/src/Illuminate/Mail/Mailer.php(288): Illuminate\\Mail\\Mailer->sendSwiftMessage()
#6 /var/www/html/vendor/laravel/framework/src/Illuminate/Notifications/Channels/MailChannel.php(65): Illuminate\\Mail\\Mailer->send()
#7 /var/www/html/vendor/laravel/framework/src/Illuminate/Notifications/NotificationSender.php(148): Illuminate\\Notifications\\Channels\\MailChannel->send()
#8 /var/www/html/vendor/laravel/framework/src/Illuminate/Notifications/NotificationSender.php(106): Illuminate\\Notifications\\NotificationSender->sendToNotifiable()
#9 /var/www/html/vendor/laravel/framework/src/Illuminate/Support/Traits/Localizable.php(19): Illuminate\\Notifications\\NotificationSender->Illuminate\\Notifications\\{closure}()
#10 /var/www/html/vendor/laravel/framework/src/Illuminate/Notifications/NotificationSender.php(109): Illuminate\\Notifications\\NotificationSender->withLocale()
#11 /var/www/html/vendor/laravel/framework/src/Illuminate/Notifications/ChannelManager.php(54): Illuminate\\Notifications\\NotificationSender->sendNow()
#12 /var/www/html/app/Notifications/ServerInstalled.php(43): Illuminate\\Notifications\\ChannelManager->sendNow()
#13 /var/www/html/vendor/laravel/framework/src/Illuminate/Events/CallQueuedListener.php(93): Pterodactyl\\Notifications\\ServerInstalled->handle()
#14 /var/www/html/vendor/laravel/framework/src/Illuminate/Container/BoundMethod.php(36): Illuminate\\Events\\CallQueuedListener->handle()
#15 /var/www/html/vendor/laravel/framework/src/Illuminate/Container/Util.php(40): Illuminate\\Container\\BoundMethod::Illuminate\\Container\\{closure}()
#16 /var/www/html/vendor/laravel/framework/src/Illuminate/Container/BoundMethod.php(93): Illuminate\\Container\\Util::unwrapIfClosure()
#17 /var/www/html/vendor/laravel/framework/src/Illuminate/Container/BoundMethod.php(37): Illuminate\\Container\\BoundMethod::callBoundMethod()
#18 /var/www/html/vendor/laravel/framework/src/Illuminate/Container/Container.php(610): Illuminate\\Container\\BoundMethod::call()
#19 /var/www/html/vendor/laravel/framework/src/Illuminate/Bus/Dispatcher.php(128): Illuminate\\Container\\Container->call()
#20 /var/www/html/vendor/laravel/framework/src/Illuminate/Pipeline/Pipeline.php(128): Illuminate\\Bus\\Dispatcher->Illuminate\\Bus\\{closure}()
#21 /var/www/html/vendor/laravel/framework/src/Illuminate/Pipeline/Pipeline.php(103): Illuminate\\Pipeline\\Pipeline->Illuminate\\Pipeline\\{closure}()
#22 /var/www/html/vendor/laravel/framework/src/Illuminate/Bus/Dispatcher.php(132): Illuminate\\Pipeline\\Pipeline->then()
#23 /var/www/html/vendor/laravel/framework/src/Illuminate/Queue/CallQueuedHandler.php(118): Illuminate\\Bus\\Dispatcher->dispatchNow()
#24 /var/www/html/vendor/laravel/framework/src/Illuminate/Pipeline/Pipeline.php(128): Illuminate\\Queue\\CallQueuedHandler->Illuminate\\Queue\\{closure}()
#25 /var/www/html/vendor/laravel/framework/src/Illuminate/Pipeline/Pipeline.php(103): Illuminate\\Pipeline\\Pipeline->Illuminate\\Pipeline\\{closure}()
#26 /var/www/html/vendor/laravel/framework/src/Illuminate/Queue/CallQueuedHandler.php(120): Illuminate\\Pipeline\\Pipeline->then()
#27 /var/www/html/vendor/laravel/framework/src/Illuminate/Queue/CallQueuedHandler.php(70): Illuminate\\Queue\\CallQueuedHandler->dispatchThroughMiddleware()
#28 /var/www/html/vendor/laravel/framework/src/Illuminate/Queue/Jobs/Job.php(98): Illuminate\\Queue\\CallQueuedHandler->call()
#29 /var/www/html/vendor/laravel/framework/src/Illuminate/Queue/Worker.php(406): Illuminate\\Queue\\Jobs\\Job->fire()
#30 /var/www/html/vendor/laravel/framework/src/Illuminate/Queue/Worker.php(356): Illuminate\\Queue\\Worker->process()
#31 /var/www/html/vendor/laravel/framework/src/Illuminate/Queue/Worker.php(158): Illuminate\\Queue\\Worker->runJob()
#32 /var/www/html/vendor/laravel/framework/src/Illuminate/Queue/Console/WorkCommand.php(116): Illuminate\\Queue\\Worker->daemon()
#33 /var/www/html/vendor/laravel/framework/src/Illuminate/Queue/Console/WorkCommand.php(100): Illuminate\\Queue\\Console\\WorkCommand->runWorker()
#34 /var/www/html/vendor/laravel/framework/src/Illuminate/Container/BoundMethod.php(36): Illuminate\\Queue\\Console\\WorkCommand->handle()
#35 /var/www/html/vendor/laravel/framework/src/Illuminate/Container/Util.php(40): Illuminate\\Container\\BoundMethod::Illuminate\\Container\\{closure}()
#36 /var/www/html/vendor/laravel/framework/src/Illuminate/Container/BoundMethod.php(93): Illuminate\\Container\\Util::unwrapIfClosure()
#37 /var/www/html/vendor/laravel/framework/src/Illuminate/Container/BoundMethod.php(37): Illuminate\\Container\\BoundMethod::callBoundMethod()
#38 /var/www/html/vendor/laravel/framework/src/Illuminate/Container/Container.php(610): Illuminate\\Container\\BoundMethod::call()
#39 /var/www/html/vendor/laravel/framework/src/Illuminate/Console/Command.php(136): Illuminate\\Container\\Container->call()
#40 /var/www/html/vendor/symfony/console/Command/Command.php(255): Illuminate\\Console\\Command->execute()
#41 /var/www/html/vendor/laravel/framework/src/Illuminate/Console/Command.php(121): Symfony\\Component\\Console\\Command\\Command->run()
#42 /var/www/html/vendor/symfony/console/Application.php(971): Illuminate\\Console\\Command->run()
#43 /var/www/html/vendor/symfony/console/Application.php(290): Symfony\\Component\\Console\\Application->doRunCommand()
#44 /var/www/html/vendor/symfony/console/Application.php(166): Symfony\\Component\\Console\\Application->doRun()
#45 /var/www/html/vendor/laravel/framework/src/Illuminate/Console/Application.php(93): Symfony\\Component\\Console\\Application->run()
#46 /var/www/html/vendor/laravel/framework/src/Illuminate/Foundation/Console/Kernel.php(129): Illuminate\\Console\\Application->run()
#47 /var/www/html/artisan(37): Illuminate\\Foundation\\Console\\Kernel->handle()
#48 {main}
"} 
[2021-05-09 16:37:37] production.ERROR: Expected response code 220 but got an empty response {"exception":"[object] (Swift_TransportException(code: 0): Expected response code 220 but got an empty response at /var/www/html/vendor/swiftmailer/swiftmailer/lib/classes/Swift/Transport/AbstractSmtpTransport.php:448)
[stacktrace]
#0 /var/www/html/vendor/swiftmailer/swiftmailer/lib/classes/Swift/Transport/AbstractSmtpTransport.php(361): Swift_Transport_AbstractSmtpTransport->assertResponseCode()
#1 /var/www/html/vendor/swiftmailer/swiftmailer/lib/classes/Swift/Transport/AbstractSmtpTransport.php(147): Swift_Transport_AbstractSmtpTransport->readGreeting()
#2 /var/www/html/vendor/swiftmailer/swiftmailer/lib/classes/Swift/Transport/SendmailTransport.php(50): Swift_Transport_AbstractSmtpTransport->start()
#3 /var/www/html/vendor/swiftmailer/swiftmailer/lib/classes/Swift/Mailer.php(65): Swift_Transport_SendmailTransport->start()
#4 /var/www/html/vendor/laravel/framework/src/Illuminate/Mail/Mailer.php(521): Swift_Mailer->send()
#5 /var/www/html/vendor/laravel/framework/src/Illuminate/Mail/Mailer.php(288): Illuminate\\Mail\\Mailer->sendSwiftMessage()
#6 /var/www/html/vendor/laravel/framework/src/Illuminate/Notifications/Channels/MailChannel.php(65): Illuminate\\Mail\\Mailer->send()
#7 /var/www/html/vendor/laravel/framework/src/Illuminate/Notifications/NotificationSender.php(148): Illuminate\\Notifications\\Channels\\MailChannel->send()
#8 /var/www/html/vendor/laravel/framework/src/Illuminate/Notifications/NotificationSender.php(106): Illuminate\\Notifications\\NotificationSender->sendToNotifiable()
#9 /var/www/html/vendor/laravel/framework/src/Illuminate/Support/Traits/Localizable.php(19): Illuminate\\Notifications\\NotificationSender->Illuminate\\Notifications\\{closure}()
#10 /var/www/html/vendor/laravel/framework/src/Illuminate/Notifications/NotificationSender.php(109): Illuminate\\Notifications\\NotificationSender->withLocale()
#11 /var/www/html/vendor/laravel/framework/src/Illuminate/Notifications/ChannelManager.php(54): Illuminate\\Notifications\\NotificationSender->sendNow()
#12 /var/www/html/app/Notifications/ServerInstalled.php(43): Illuminate\\Notifications\\ChannelManager->sendNow()
#13 /var/www/html/vendor/laravel/framework/src/Illuminate/Events/CallQueuedListener.php(93): Pterodactyl\\Notifications\\ServerInstalled->handle()
#14 /var/www/html/vendor/laravel/framework/src/Illuminate/Container/BoundMethod.php(36): Illuminate\\Events\\CallQueuedListener->handle()
#15 /var/www/html/vendor/laravel/framework/src/Illuminate/Container/Util.php(40): Illuminate\\Container\\BoundMethod::Illuminate\\Container\\{closure}()
#16 /var/www/html/vendor/laravel/framework/src/Illuminate/Container/BoundMethod.php(93): Illuminate\\Container\\Util::unwrapIfClosure()
#17 /var/www/html/vendor/laravel/framework/src/Illuminate/Container/BoundMethod.php(37): Illuminate\\Container\\BoundMethod::callBoundMethod()
#18 /var/www/html/vendor/laravel/framework/src/Illuminate/Container/Container.php(610): Illuminate\\Container\\BoundMethod::call()
#19 /var/www/html/vendor/laravel/framework/src/Illuminate/Bus/Dispatcher.php(128): Illuminate\\Container\\Container->call()
#20 /var/www/html/vendor/laravel/framework/src/Illuminate/Pipeline/Pipeline.php(128): Illuminate\\Bus\\Dispatcher->Illuminate\\Bus\\{closure}()
#21 /var/www/html/vendor/laravel/framework/src/Illuminate/Pipeline/Pipeline.php(103): Illuminate\\Pipeline\\Pipeline->Illuminate\\Pipeline\\{closure}()
#22 /var/www/html/vendor/laravel/framework/src/Illuminate/Bus/Dispatcher.php(132): Illuminate\\Pipeline\\Pipeline->then()
#23 /var/www/html/vendor/laravel/framework/src/Illuminate/Queue/CallQueuedHandler.php(118): Illuminate\\Bus\\Dispatcher->dispatchNow()
#24 /var/www/html/vendor/laravel/framework/src/Illuminate/Pipeline/Pipeline.php(128): Illuminate\\Queue\\CallQueuedHandler->Illuminate\\Queue\\{closure}()
#25 /var/www/html/vendor/laravel/framework/src/Illuminate/Pipeline/Pipeline.php(103): Illuminate\\Pipeline\\Pipeline->Illuminate\\Pipeline\\{closure}()
#26 /var/www/html/vendor/laravel/framework/src/Illuminate/Queue/CallQueuedHandler.php(120): Illuminate\\Pipeline\\Pipeline->then()
#27 /var/www/html/vendor/laravel/framework/src/Illuminate/Queue/CallQueuedHandler.php(70): Illuminate\\Queue\\CallQueuedHandler->dispatchThroughMiddleware()
#28 /var/www/html/vendor/laravel/framework/src/Illuminate/Queue/Jobs/Job.php(98): Illuminate\\Queue\\CallQueuedHandler->call()
#29 /var/www/html/vendor/laravel/framework/src/Illuminate/Queue/Worker.php(406): Illuminate\\Queue\\Jobs\\Job->fire()
#30 /var/www/html/vendor/laravel/framework/src/Illuminate/Queue/Worker.php(356): Illuminate\\Queue\\Worker->process()
#31 /var/www/html/vendor/laravel/framework/src/Illuminate/Queue/Worker.php(158): Illuminate\\Queue\\Worker->runJob()
#32 /var/www/html/vendor/laravel/framework/src/Illuminate/Queue/Console/WorkCommand.php(116): Illuminate\\Queue\\Worker->daemon()
#33 /var/www/html/vendor/laravel/framework/src/Illuminate/Queue/Console/WorkCommand.php(100): Illuminate\\Queue\\Console\\WorkCommand->runWorker()
#34 /var/www/html/vendor/laravel/framework/src/Illuminate/Container/BoundMethod.php(36): Illuminate\\Queue\\Console\\WorkCommand->handle()
#35 /var/www/html/vendor/laravel/framework/src/Illuminate/Container/Util.php(40): Illuminate\\Container\\BoundMethod::Illuminate\\Container\\{closure}()
#36 /var/www/html/vendor/laravel/framework/src/Illuminate/Container/BoundMethod.php(93): Illuminate\\Container\\Util::unwrapIfClosure()
#37 /var/www/html/vendor/laravel/framework/src/Illuminate/Container/BoundMethod.php(37): Illuminate\\Container\\BoundMethod::callBoundMethod()
#38 /var/www/html/vendor/laravel/framework/src/Illuminate/Container/Container.php(610): Illuminate\\Container\\BoundMethod::call()
#39 /var/www/html/vendor/laravel/framework/src/Illuminate/Console/Command.php(136): Illuminate\\Container\\Container->call()
#40 /var/www/html/vendor/symfony/console/Command/Command.php(255): Illuminate\\Console\\Command->execute()
#41 /var/www/html/vendor/laravel/framework/src/Illuminate/Console/Command.php(121): Symfony\\Component\\Console\\Command\\Command->run()
#42 /var/www/html/vendor/symfony/console/Application.php(971): Illuminate\\Console\\Command->run()
#43 /var/www/html/vendor/symfony/console/Application.php(290): Symfony\\Component\\Console\\Application->doRunCommand()
#44 /var/www/html/vendor/symfony/console/Application.php(166): Symfony\\Component\\Console\\Application->doRun()
#45 /var/www/html/vendor/laravel/framework/src/Illuminate/Console/Application.php(93): Symfony\\Component\\Console\\Application->run()
#46 /var/www/html/vendor/laravel/framework/src/Illuminate/Foundation/Console/Kernel.php(129): Illuminate\\Console\\Application->run()
#47 /var/www/html/artisan(37): Illuminate\\Foundation\\Console\\Kernel->handle()
#48 {main}
"} 
[2021-05-09 16:38:19] production.ERROR: Expected response code 220 but got an empty response {"exception":"[object] (Swift_TransportException(code: 0): Expected response code 220 but got an empty response at /var/www/html/vendor/swiftmailer/swiftmailer/lib/classes/Swift/Transport/AbstractSmtpTransport.php:448)
[stacktrace]
#0 /var/www/html/vendor/swiftmailer/swiftmailer/lib/classes/Swift/Transport/AbstractSmtpTransport.php(361): Swift_Transport_AbstractSmtpTransport->assertResponseCode()
#1 /var/www/html/vendor/swiftmailer/swiftmailer/lib/classes/Swift/Transport/AbstractSmtpTransport.php(147): Swift_Transport_AbstractSmtpTransport->readGreeting()
#2 /var/www/html/vendor/swiftmailer/swiftmailer/lib/classes/Swift/Transport/SendmailTransport.php(50): Swift_Transport_AbstractSmtpTransport->start()
#3 /var/www/html/vendor/swiftmailer/swiftmailer/lib/classes/Swift/Mailer.php(65): Swift_Transport_SendmailTransport->start()
#4 /var/www/html/vendor/laravel/framework/src/Illuminate/Mail/Mailer.php(521): Swift_Mailer->send()
#5 /var/www/html/vendor/laravel/framework/src/Illuminate/Mail/Mailer.php(288): Illuminate\\Mail\\Mailer->sendSwiftMessage()
#6 /var/www/html/vendor/laravel/framework/src/Illuminate/Notifications/Channels/MailChannel.php(65): Illuminate\\Mail\\Mailer->send()
#7 /var/www/html/vendor/laravel/framework/src/Illuminate/Notifications/NotificationSender.php(148): Illuminate\\Notifications\\Channels\\MailChannel->send()
#8 /var/www/html/vendor/laravel/framework/src/Illuminate/Notifications/NotificationSender.php(106): Illuminate\\Notifications\\NotificationSender->sendToNotifiable()
#9 /var/www/html/vendor/laravel/framework/src/Illuminate/Support/Traits/Localizable.php(19): Illuminate\\Notifications\\NotificationSender->Illuminate\\Notifications\\{closure}()
#10 /var/www/html/vendor/laravel/framework/src/Illuminate/Notifications/NotificationSender.php(109): Illuminate\\Notifications\\NotificationSender->withLocale()
#11 /var/www/html/vendor/laravel/framework/src/Illuminate/Notifications/ChannelManager.php(54): Illuminate\\Notifications\\NotificationSender->sendNow()
#12 /var/www/html/app/Notifications/ServerInstalled.php(43): Illuminate\\Notifications\\ChannelManager->sendNow()
#13 /var/www/html/vendor/laravel/framework/src/Illuminate/Events/CallQueuedListener.php(93): Pterodactyl\\Notifications\\ServerInstalled->handle()
#14 /var/www/html/vendor/laravel/framework/src/Illuminate/Container/BoundMethod.php(36): Illuminate\\Events\\CallQueuedListener->handle()
#15 /var/www/html/vendor/laravel/framework/src/Illuminate/Container/Util.php(40): Illuminate\\Container\\BoundMethod::Illuminate\\Container\\{closure}()
#16 /var/www/html/vendor/laravel/framework/src/Illuminate/Container/BoundMethod.php(93): Illuminate\\Container\\Util::unwrapIfClosure()
#17 /var/www/html/vendor/laravel/framework/src/Illuminate/Container/BoundMethod.php(37): Illuminate\\Container\\BoundMethod::callBoundMethod()
#18 /var/www/html/vendor/laravel/framework/src/Illuminate/Container/Container.php(610): Illuminate\\Container\\BoundMethod::call()
#19 /var/www/html/vendor/laravel/framework/src/Illuminate/Bus/Dispatcher.php(128): Illuminate\\Container\\Container->call()
#20 /var/www/html/vendor/laravel/framework/src/Illuminate/Pipeline/Pipeline.php(128): Illuminate\\Bus\\Dispatcher->Illuminate\\Bus\\{closure}()
#21 /var/www/html/vendor/laravel/framework/src/Illuminate/Pipeline/Pipeline.php(103): Illuminate\\Pipeline\\Pipeline->Illuminate\\Pipeline\\{closure}()
#22 /var/www/html/vendor/laravel/framework/src/Illuminate/Bus/Dispatcher.php(132): Illuminate\\Pipeline\\Pipeline->then()
#23 /var/www/html/vendor/laravel/framework/src/Illuminate/Queue/CallQueuedHandler.php(118): Illuminate\\Bus\\Dispatcher->dispatchNow()
#24 /var/www/html/vendor/laravel/framework/src/Illuminate/Pipeline/Pipeline.php(128): Illuminate\\Queue\\CallQueuedHandler->Illuminate\\Queue\\{closure}()
#25 /var/www/html/vendor/laravel/framework/src/Illuminate/Pipeline/Pipeline.php(103): Illuminate\\Pipeline\\Pipeline->Illuminate\\Pipeline\\{closure}()
#26 /var/www/html/vendor/laravel/framework/src/Illuminate/Queue/CallQueuedHandler.php(120): Illuminate\\Pipeline\\Pipeline->then()
#27 /var/www/html/vendor/laravel/framework/src/Illuminate/Queue/CallQueuedHandler.php(70): Illuminate\\Queue\\CallQueuedHandler->dispatchThroughMiddleware()
#28 /var/www/html/vendor/laravel/framework/src/Illuminate/Queue/Jobs/Job.php(98): Illuminate\\Queue\\CallQueuedHandler->call()
#29 /var/www/html/vendor/laravel/framework/src/Illuminate/Queue/Worker.php(406): Illuminate\\Queue\\Jobs\\Job->fire()
#30 /var/www/html/vendor/laravel/framework/src/Illuminate/Queue/Worker.php(356): Illuminate\\Queue\\Worker->process()
#31 /var/www/html/vendor/laravel/framework/src/Illuminate/Queue/Worker.php(158): Illuminate\\Queue\\Worker->runJob()
#32 /var/www/html/vendor/laravel/framework/src/Illuminate/Queue/Console/WorkCommand.php(116): Illuminate\\Queue\\Worker->daemon()
#33 /var/www/html/vendor/laravel/framework/src/Illuminate/Queue/Console/WorkCommand.php(100): Illuminate\\Queue\\Console\\WorkCommand->runWorker()
#34 /var/www/html/vendor/laravel/framework/src/Illuminate/Container/BoundMethod.php(36): Illuminate\\Queue\\Console\\WorkCommand->handle()
#35 /var/www/html/vendor/laravel/framework/src/Illuminate/Container/Util.php(40): Illuminate\\Container\\BoundMethod::Illuminate\\Container\\{closure}()
#36 /var/www/html/vendor/laravel/framework/src/Illuminate/Container/BoundMethod.php(93): Illuminate\\Container\\Util::unwrapIfClosure()
#37 /var/www/html/vendor/laravel/framework/src/Illuminate/Container/BoundMethod.php(37): Illuminate\\Container\\BoundMethod::callBoundMethod()
#38 /var/www/html/vendor/laravel/framework/src/Illuminate/Container/Container.php(610): Illuminate\\Container\\BoundMethod::call()
#39 /var/www/html/vendor/laravel/framework/src/Illuminate/Console/Command.php(136): Illuminate\\Container\\Container->call()
#40 /var/www/html/vendor/symfony/console/Command/Command.php(255): Illuminate\\Console\\Command->execute()
#41 /var/www/html/vendor/laravel/framework/src/Illuminate/Console/Command.php(121): Symfony\\Component\\Console\\Command\\Command->run()
#42 /var/www/html/vendor/symfony/console/Application.php(971): Illuminate\\Console\\Command->run()
#43 /var/www/html/vendor/symfony/console/Application.php(290): Symfony\\Component\\Console\\Application->doRunCommand()
#44 /var/www/html/vendor/symfony/console/Application.php(166): Symfony\\Component\\Console\\Application->doRun()
#45 /var/www/html/vendor/laravel/framework/src/Illuminate/Console/Application.php(93): Symfony\\Component\\Console\\Application->run()
#46 /var/www/html/vendor/laravel/framework/src/Illuminate/Foundation/Console/Kernel.php(129): Illuminate\\Console\\Application->run()
#47 /var/www/html/artisan(37): Illuminate\\Foundation\\Console\\Kernel->handle()
#48 {main}
"} 
[2021-05-09 16:38:20] production.ERROR: Expected response code 220 but got an empty response {"exception":"[object] (Swift_TransportException(code: 0): Expected response code 220 but got an empty response at /var/www/html/vendor/swiftmailer/swiftmailer/lib/classes/Swift/Transport/AbstractSmtpTransport.php:448)
[stacktrace]
#0 /var/www/html/vendor/swiftmailer/swiftmailer/lib/classes/Swift/Transport/AbstractSmtpTransport.php(361): Swift_Transport_AbstractSmtpTransport->assertResponseCode()
#1 /var/www/html/vendor/swiftmailer/swiftmailer/lib/classes/Swift/Transport/AbstractSmtpTransport.php(147): Swift_Transport_AbstractSmtpTransport->readGreeting()
#2 /var/www/html/vendor/swiftmailer/swiftmailer/lib/classes/Swift/Transport/SendmailTransport.php(50): Swift_Transport_AbstractSmtpTransport->start()
#3 /var/www/html/vendor/swiftmailer/swiftmailer/lib/classes/Swift/Mailer.php(65): Swift_Transport_SendmailTransport->start()
#4 /var/www/html/vendor/laravel/framework/src/Illuminate/Mail/Mailer.php(521): Swift_Mailer->send()
#5 /var/www/html/vendor/laravel/framework/src/Illuminate/Mail/Mailer.php(288): Illuminate\\Mail\\Mailer->sendSwiftMessage()
#6 /var/www/html/vendor/laravel/framework/src/Illuminate/Notifications/Channels/MailChannel.php(65): Illuminate\\Mail\\Mailer->send()
#7 /var/www/html/vendor/laravel/framework/src/Illuminate/Notifications/NotificationSender.php(148): Illuminate\\Notifications\\Channels\\MailChannel->send()
#8 /var/www/html/vendor/laravel/framework/src/Illuminate/Notifications/NotificationSender.php(106): Illuminate\\Notifications\\NotificationSender->sendToNotifiable()
#9 /var/www/html/vendor/laravel/framework/src/Illuminate/Support/Traits/Localizable.php(19): Illuminate\\Notifications\\NotificationSender->Illuminate\\Notifications\\{closure}()
#10 /var/www/html/vendor/laravel/framework/src/Illuminate/Notifications/NotificationSender.php(109): Illuminate\\Notifications\\NotificationSender->withLocale()
#11 /var/www/html/vendor/laravel/framework/src/Illuminate/Notifications/ChannelManager.php(54): Illuminate\\Notifications\\NotificationSender->sendNow()
#12 /var/www/html/app/Notifications/ServerInstalled.php(43): Illuminate\\Notifications\\ChannelManager->sendNow()
#13 /var/www/html/vendor/laravel/framework/src/Illuminate/Events/CallQueuedListener.php(93): Pterodactyl\\Notifications\\ServerInstalled->handle()
#14 /var/www/html/vendor/laravel/framework/src/Illuminate/Container/BoundMethod.php(36): Illuminate\\Events\\CallQueuedListener->handle()
#15 /var/www/html/vendor/laravel/framework/src/Illuminate/Container/Util.php(40): Illuminate\\Container\\BoundMethod::Illuminate\\Container\\{closure}()
#16 /var/www/html/vendor/laravel/framework/src/Illuminate/Container/BoundMethod.php(93): Illuminate\\Container\\Util::unwrapIfClosure()
#17 /var/www/html/vendor/laravel/framework/src/Illuminate/Container/BoundMethod.php(37): Illuminate\\Container\\BoundMethod::callBoundMethod()
#18 /var/www/html/vendor/laravel/framework/src/Illuminate/Container/Container.php(610): Illuminate\\Container\\BoundMethod::call()
#19 /var/www/html/vendor/laravel/framework/src/Illuminate/Bus/Dispatcher.php(128): Illuminate\\Container\\Container->call()
#20 /var/www/html/vendor/laravel/framework/src/Illuminate/Pipeline/Pipeline.php(128): Illuminate\\Bus\\Dispatcher->Illuminate\\Bus\\{closure}()
#21 /var/www/html/vendor/laravel/framework/src/Illuminate/Pipeline/Pipeline.php(103): Illuminate\\Pipeline\\Pipeline->Illuminate\\Pipeline\\{closure}()
#22 /var/www/html/vendor/laravel/framework/src/Illuminate/Bus/Dispatcher.php(132): Illuminate\\Pipeline\\Pipeline->then()
#23 /var/www/html/vendor/laravel/framework/src/Illuminate/Queue/CallQueuedHandler.php(118): Illuminate\\Bus\\Dispatcher->dispatchNow()
#24 /var/www/html/vendor/laravel/framework/src/Illuminate/Pipeline/Pipeline.php(128): Illuminate\\Queue\\CallQueuedHandler->Illuminate\\Queue\\{closure}()
#25 /var/www/html/vendor/laravel/framework/src/Illuminate/Pipeline/Pipeline.php(103): Illuminate\\Pipeline\\Pipeline->Illuminate\\Pipeline\\{closure}()
#26 /var/www/html/vendor/laravel/framework/src/Illuminate/Queue/CallQueuedHandler.php(120): Illuminate\\Pipeline\\Pipeline->then()
#27 /var/www/html/vendor/laravel/framework/src/Illuminate/Queue/CallQueuedHandler.php(70): Illuminate\\Queue\\CallQueuedHandler->dispatchThroughMiddleware()
#28 /var/www/html/vendor/laravel/framework/src/Illuminate/Queue/Jobs/Job.php(98): Illuminate\\Queue\\CallQueuedHandler->call()
#29 /var/www/html/vendor/laravel/framework/src/Illuminate/Queue/Worker.php(406): Illuminate\\Queue\\Jobs\\Job->fire()
#30 /var/www/html/vendor/laravel/framework/src/Illuminate/Queue/Worker.php(356): Illuminate\\Queue\\Worker->process()
#31 /var/www/html/vendor/laravel/framework/src/Illuminate/Queue/Worker.php(158): Illuminate\\Queue\\Worker->runJob()
#32 /var/www/html/vendor/laravel/framework/src/Illuminate/Queue/Console/WorkCommand.php(116): Illuminate\\Queue\\Worker->daemon()
#33 /var/www/html/vendor/laravel/framework/src/Illuminate/Queue/Console/WorkCommand.php(100): Illuminate\\Queue\\Console\\WorkCommand->runWorker()
#34 /var/www/html/vendor/laravel/framework/src/Illuminate/Container/BoundMethod.php(36): Illuminate\\Queue\\Console\\WorkCommand->handle()
#35 /var/www/html/vendor/laravel/framework/src/Illuminate/Container/Util.php(40): Illuminate\\Container\\BoundMethod::Illuminate\\Container\\{closure}()
#36 /var/www/html/vendor/laravel/framework/src/Illuminate/Container/BoundMethod.php(93): Illuminate\\Container\\Util::unwrapIfClosure()
#37 /var/www/html/vendor/laravel/framework/src/Illuminate/Container/BoundMethod.php(37): Illuminate\\Container\\BoundMethod::callBoundMethod()
#38 /var/www/html/vendor/laravel/framework/src/Illuminate/Container/Container.php(610): Illuminate\\Container\\BoundMethod::call()
#39 /var/www/html/vendor/laravel/framework/src/Illuminate/Console/Command.php(136): Illuminate\\Container\\Container->call()
#40 /var/www/html/vendor/symfony/console/Command/Command.php(255): Illuminate\\Console\\Command->execute()
#41 /var/www/html/vendor/laravel/framework/src/Illuminate/Console/Command.php(121): Symfony\\Component\\Console\\Command\\Command->run()
#42 /var/www/html/vendor/symfony/console/Application.php(971): Illuminate\\Console\\Command->run()
#43 /var/www/html/vendor/symfony/console/Application.php(290): Symfony\\Component\\Console\\Application->doRunCommand()
#44 /var/www/html/vendor/symfony/console/Application.php(166): Symfony\\Component\\Console\\Application->doRun()
#45 /var/www/html/vendor/laravel/framework/src/Illuminate/Console/Application.php(93): Symfony\\Component\\Console\\Application->run()
#46 /var/www/html/vendor/laravel/framework/src/Illuminate/Foundation/Console/Kernel.php(129): Illuminate\\Console\\Application->run()
#47 /var/www/html/artisan(37): Illuminate\\Foundation\\Console\\Kernel->handle()
#48 {main}
"} 
[2021-05-09 16:38:20] production.ERROR: Expected response code 220 but got an empty response {"exception":"[object] (Swift_TransportException(code: 0): Expected response code 220 but got an empty response at /var/www/html/vendor/swiftmailer/swiftmailer/lib/classes/Swift/Transport/AbstractSmtpTransport.php:448)
[stacktrace]
#0 /var/www/html/vendor/swiftmailer/swiftmailer/lib/classes/Swift/Transport/AbstractSmtpTransport.php(361): Swift_Transport_AbstractSmtpTransport->assertResponseCode()
#1 /var/www/html/vendor/swiftmailer/swiftmailer/lib/classes/Swift/Transport/AbstractSmtpTransport.php(147): Swift_Transport_AbstractSmtpTransport->readGreeting()
#2 /var/www/html/vendor/swiftmailer/swiftmailer/lib/classes/Swift/Transport/SendmailTransport.php(50): Swift_Transport_AbstractSmtpTransport->start()
#3 /var/www/html/vendor/swiftmailer/swiftmailer/lib/classes/Swift/Mailer.php(65): Swift_Transport_SendmailTransport->start()
#4 /var/www/html/vendor/laravel/framework/src/Illuminate/Mail/Mailer.php(521): Swift_Mailer->send()
#5 /var/www/html/vendor/laravel/framework/src/Illuminate/Mail/Mailer.php(288): Illuminate\\Mail\\Mailer->sendSwiftMessage()
#6 /var/www/html/vendor/laravel/framework/src/Illuminate/Notifications/Channels/MailChannel.php(65): Illuminate\\Mail\\Mailer->send()
#7 /var/www/html/vendor/laravel/framework/src/Illuminate/Notifications/NotificationSender.php(148): Illuminate\\Notifications\\Channels\\MailChannel->send()
#8 /var/www/html/vendor/laravel/framework/src/Illuminate/Notifications/NotificationSender.php(106): Illuminate\\Notifications\\NotificationSender->sendToNotifiable()
#9 /var/www/html/vendor/laravel/framework/src/Illuminate/Support/Traits/Localizable.php(19): Illuminate\\Notifications\\NotificationSender->Illuminate\\Notifications\\{closure}()
#10 /var/www/html/vendor/laravel/framework/src/Illuminate/Notifications/NotificationSender.php(109): Illuminate\\Notifications\\NotificationSender->withLocale()
#11 /var/www/html/vendor/laravel/framework/src/Illuminate/Notifications/ChannelManager.php(54): Illuminate\\Notifications\\NotificationSender->sendNow()
#12 /var/www/html/app/Notifications/ServerInstalled.php(43): Illuminate\\Notifications\\ChannelManager->sendNow()
#13 /var/www/html/vendor/laravel/framework/src/Illuminate/Events/CallQueuedListener.php(93): Pterodactyl\\Notifications\\ServerInstalled->handle()
#14 /var/www/html/vendor/laravel/framework/src/Illuminate/Container/BoundMethod.php(36): Illuminate\\Events\\CallQueuedListener->handle()
#15 /var/www/html/vendor/laravel/framework/src/Illuminate/Container/Util.php(40): Illuminate\\Container\\BoundMethod::Illuminate\\Container\\{closure}()
#16 /var/www/html/vendor/laravel/framework/src/Illuminate/Container/BoundMethod.php(93): Illuminate\\Container\\Util::unwrapIfClosure()
#17 /var/www/html/vendor/laravel/framework/src/Illuminate/Container/BoundMethod.php(37): Illuminate\\Container\\BoundMethod::callBoundMethod()
#18 /var/www/html/vendor/laravel/framework/src/Illuminate/Container/Container.php(610): Illuminate\\Container\\BoundMethod::call()
#19 /var/www/html/vendor/laravel/framework/src/Illuminate/Bus/Dispatcher.php(128): Illuminate\\Container\\Container->call()
#20 /var/www/html/vendor/laravel/framework/src/Illuminate/Pipeline/Pipeline.php(128): Illuminate\\Bus\\Dispatcher->Illuminate\\Bus\\{closure}()
#21 /var/www/html/vendor/laravel/framework/src/Illuminate/Pipeline/Pipeline.php(103): Illuminate\\Pipeline\\Pipeline->Illuminate\\Pipeline\\{closure}()
#22 /var/www/html/vendor/laravel/framework/src/Illuminate/Bus/Dispatcher.php(132): Illuminate\\Pipeline\\Pipeline->then()
#23 /var/www/html/vendor/laravel/framework/src/Illuminate/Queue/CallQueuedHandler.php(118): Illuminate\\Bus\\Dispatcher->dispatchNow()
#24 /var/www/html/vendor/laravel/framework/src/Illuminate/Pipeline/Pipeline.php(128): Illuminate\\Queue\\CallQueuedHandler->Illuminate\\Queue\\{closure}()
#25 /var/www/html/vendor/laravel/framework/src/Illuminate/Pipeline/Pipeline.php(103): Illuminate\\Pipeline\\Pipeline->Illuminate\\Pipeline\\{closure}()
#26 /var/www/html/vendor/laravel/framework/src/Illuminate/Queue/CallQueuedHandler.php(120): Illuminate\\Pipeline\\Pipeline->then()
#27 /var/www/html/vendor/laravel/framework/src/Illuminate/Queue/CallQueuedHandler.php(70): Illuminate\\Queue\\CallQueuedHandler->dispatchThroughMiddleware()
#28 /var/www/html/vendor/laravel/framework/src/Illuminate/Queue/Jobs/Job.php(98): Illuminate\\Queue\\CallQueuedHandler->call()
#29 /var/www/html/vendor/laravel/framework/src/Illuminate/Queue/Worker.php(406): Illuminate\\Queue\\Jobs\\Job->fire()
#30 /var/www/html/vendor/laravel/framework/src/Illuminate/Queue/Worker.php(356): Illuminate\\Queue\\Worker->process()
#31 /var/www/html/vendor/laravel/framework/src/Illuminate/Queue/Worker.php(158): Illuminate\\Queue\\Worker->runJob()
#32 /var/www/html/vendor/laravel/framework/src/Illuminate/Queue/Console/WorkCommand.php(116): Illuminate\\Queue\\Worker->daemon()
#33 /var/www/html/vendor/laravel/framework/src/Illuminate/Queue/Console/WorkCommand.php(100): Illuminate\\Queue\\Console\\WorkCommand->runWorker()
#34 /var/www/html/vendor/laravel/framework/src/Illuminate/Container/BoundMethod.php(36): Illuminate\\Queue\\Console\\WorkCommand->handle()
#35 /var/www/html/vendor/laravel/framework/src/Illuminate/Container/Util.php(40): Illuminate\\Container\\BoundMethod::Illuminate\\Container\\{closure}()
#36 /var/www/html/vendor/laravel/framework/src/Illuminate/Container/BoundMethod.php(93): Illuminate\\Container\\Util::unwrapIfClosure()
#37 /var/www/html/vendor/laravel/framework/src/Illuminate/Container/BoundMethod.php(37): Illuminate\\Container\\BoundMethod::callBoundMethod()
#38 /var/www/html/vendor/laravel/framework/src/Illuminate/Container/Container.php(610): Illuminate\\Container\\BoundMethod::call()
#39 /var/www/html/vendor/laravel/framework/src/Illuminate/Console/Command.php(136): Illuminate\\Container\\Container->call()
#40 /var/www/html/vendor/symfony/console/Command/Command.php(255): Illuminate\\Console\\Command->execute()
#41 /var/www/html/vendor/laravel/framework/src/Illuminate/Console/Command.php(121): Symfony\\Component\\Console\\Command\\Command->run()
#42 /var/www/html/vendor/symfony/console/Application.php(971): Illuminate\\Console\\Command->run()
#43 /var/www/html/vendor/symfony/console/Application.php(290): Symfony\\Component\\Console\\Application->doRunCommand()
#44 /var/www/html/vendor/symfony/console/Application.php(166): Symfony\\Component\\Console\\Application->doRun()
#45 /var/www/html/vendor/laravel/framework/src/Illuminate/Console/Application.php(93): Symfony\\Component\\Console\\Application->run()
#46 /var/www/html/vendor/laravel/framework/src/Illuminate/Foundation/Console/Kernel.php(129): Illuminate\\Console\\Application->run()
#47 /var/www/html/artisan(37): Illuminate\\Foundation\\Console\\Kernel->handle()
#48 {main}
"} 
