[2021-05-16 23:31:46] production.ERROR: Error while reading line from the server. [tcp://cache:6379] {"exception":"[object] (Predis\\Connection\\ConnectionException(code: 0): Error while reading line from the server. [tcp://cache:6379] at /var/www/html/vendor/predis/predis/src/Connection/AbstractConnection.php:155)
[stacktrace]
#0 /var/www/html/vendor/predis/predis/src/Connection/StreamConnection.php(314): Predis\\Connection\\AbstractConnection->onConnectionError()
#1 /var/www/html/vendor/predis/predis/src/Connection/AbstractConnection.php(120): Predis\\Connection\\StreamConnection->read()
#2 /var/www/html/vendor/predis/predis/src/Connection/AbstractConnection.php(112): Predis\\Connection\\AbstractConnection->readResponse()
#3 /var/www/html/vendor/predis/predis/src/Client.php(331): Predis\\Connection\\AbstractConnection->executeCommand()
#4 /var/www/html/vendor/predis/predis/src/Client.php(314): Predis\\Client->executeCommand()
#5 /var/www/html/vendor/laravel/framework/src/Illuminate/Redis/Connections/Connection.php(116): Predis\\Client->__call()
#6 /var/www/html/vendor/laravel/framework/src/Illuminate/Redis/Connections/Connection.php(220): Illuminate\\Redis\\Connections\\Connection->command()
#7 /var/www/html/vendor/laravel/framework/src/Illuminate/Cache/RedisStore.php(61): Illuminate\\Redis\\Connections\\Connection->__call()
#8 /var/www/html/vendor/laravel/framework/src/Illuminate/Cache/Repository.php(97): Illuminate\\Cache\\RedisStore->get()
#9 /var/www/html/vendor/laravel/framework/src/Illuminate/Queue/Worker.php(628): Illuminate\\Cache\\Repository->get()
#10 /var/www/html/vendor/laravel/framework/src/Illuminate/Queue/Worker.php(617): Illuminate\\Queue\\Worker->getTimestampOfLastQueueRestart()
#11 /var/www/html/vendor/laravel/framework/src/Illuminate/Queue/Worker.php(278): Illuminate\\Queue\\Worker->queueShouldRestart()
#12 /var/www/html/vendor/laravel/framework/src/Illuminate/Queue/Worker.php(171): Illuminate\\Queue\\Worker->stopIfNecessary()
#13 /var/www/html/vendor/laravel/framework/src/Illuminate/Queue/Console/WorkCommand.php(116): Illuminate\\Queue\\Worker->daemon()
#14 /var/www/html/vendor/laravel/framework/src/Illuminate/Queue/Console/WorkCommand.php(100): Illuminate\\Queue\\Console\\WorkCommand->runWorker()
#15 /var/www/html/vendor/laravel/framework/src/Illuminate/Container/BoundMethod.php(36): Illuminate\\Queue\\Console\\WorkCommand->handle()
#16 /var/www/html/vendor/laravel/framework/src/Illuminate/Container/Util.php(40): Illuminate\\Container\\BoundMethod::Illuminate\\Container\\{closure}()
#17 /var/www/html/vendor/laravel/framework/src/Illuminate/Container/BoundMethod.php(93): Illuminate\\Container\\Util::unwrapIfClosure()
#18 /var/www/html/vendor/laravel/framework/src/Illuminate/Container/BoundMethod.php(37): Illuminate\\Container\\BoundMethod::callBoundMethod()
#19 /var/www/html/vendor/laravel/framework/src/Illuminate/Container/Container.php(610): Illuminate\\Container\\BoundMethod::call()
#20 /var/www/html/vendor/laravel/framework/src/Illuminate/Console/Command.php(136): Illuminate\\Container\\Container->call()
#21 /var/www/html/vendor/symfony/console/Command/Command.php(255): Illuminate\\Console\\Command->execute()
#22 /var/www/html/vendor/laravel/framework/src/Illuminate/Console/Command.php(121): Symfony\\Component\\Console\\Command\\Command->run()
#23 /var/www/html/vendor/symfony/console/Application.php(971): Illuminate\\Console\\Command->run()
#24 /var/www/html/vendor/symfony/console/Application.php(290): Symfony\\Component\\Console\\Application->doRunCommand()
#25 /var/www/html/vendor/symfony/console/Application.php(166): Symfony\\Component\\Console\\Application->doRun()
#26 /var/www/html/vendor/laravel/framework/src/Illuminate/Console/Application.php(93): Symfony\\Component\\Console\\Application->run()
#27 /var/www/html/vendor/laravel/framework/src/Illuminate/Foundation/Console/Kernel.php(129): Illuminate\\Console\\Application->run()
#28 /var/www/html/artisan(37): Illuminate\\Foundation\\Console\\Kernel->handle()
#29 {main}
"} 
